<?xml version="1.0" encoding="UTF-8"?>
<robot generator="Robot 4.1.2 (Python 3.10.0 on win32)" generated="20211116 23:40:15.853" rpa="false" schemaversion="2">
<suite id="s1" name="testAPI" source="E:\Projetos Robot\AutomatizacaoMobile\tests\testAPI.robot">
<test id="s1-t1" name="Buscar a listagem de todos os livros">
<kw name="Conectar API" library="kws_Api" type="SETUP">
<kw name="Create Session" library="RequestsLibrary">
<arg>fakeAPI</arg>
<arg>${URL}</arg>
<doc>Create Session: create a HTTP session to a server</doc>
<msg timestamp="20211116 23:40:15.966" level="INFO">Creating Session using : alias=fakeAPI, url=https://fakerestapi.azurewebsites.net/api/v1/, headers={},                     cookies={}, auth=None, timeout=None, proxies=None, verify=False,                     debug=0 </msg>
<status status="PASS" starttime="20211116 23:40:15.966" endtime="20211116 23:40:15.966"/>
</kw>
<status status="PASS" starttime="20211116 23:40:15.965" endtime="20211116 23:40:15.966"/>
</kw>
<kw name="Requisitar todos os livros" library="kws_Api">
<kw name="Get Request" library="RequestsLibrary">
<var>${RESPOSTA}</var>
<arg>fakeAPI</arg>
<arg>Books</arg>
<doc>*DEPRECATED* Please use `GET On Session` instead.</doc>
<msg timestamp="20211116 23:40:15.967" level="WARN">Keyword 'RequestsLibrary.Get Request' is deprecated. Please use `GET On Session` instead.</msg>
<msg timestamp="20211116 23:40:20.206" level="INFO">GET Request : url=https://fakerestapi.azurewebsites.net/api/v1/Books 
 path_url=/api/v1/Books 
 headers={'User-Agent': 'python-requests/2.26.0', 'Accept-Encoding': 'gzip, deflate', 'Accept': '*/*', 'Connection': 'keep-alive'} 
 body=None 
 </msg>
<msg timestamp="20211116 23:40:20.208" level="INFO">GET Response : url=https://fakerestapi.azurewebsites.net/api/v1/Books 
 status=200, reason=OK 
 headers={'Transfer-Encoding': 'chunked', 'Content-Type': 'application/json; charset=utf-8; v=1.0', 'Server': 'Kestrel', 'api-supported-versions': '1.0', 'Date': 'Wed, 17 Nov 2021 02:40:16 GMT'} 
 body=[{"id":1,"title":"Book 1","description":"Ea ut hendrerit nonummy ipsum consetetur amet blandit elitr praesent amet diam dolor dolores amet lorem. Accusam ullamcorper accusam ipsum ex iriure volutpat gubergren et amet at nonummy amet stet et kasd. Et liber iriure consetetur et ipsum. Eos voluptua est. Consequat no tempor consequat dolores aliquam consetetur vel elitr magna. Sed accusam consetetur illum amet et sed ullamcorper velit accumsan sadipscing qui augue rebum eirmod diam sit. At magna sea ipsum justo labore rebum takimata kasd feugait vero dolor diam duo dolor elitr tincidunt vero. Consetetur commodo dolor magna luptatum dolores eos accusam facilisi sadipscing et augue gubergren rebum exerci dolores amet justo. Dolor gubergren enim dolor sea ea ipsum dolor illum at dolore accusam dignissim rebum diam invidunt. Ea lorem id eirmod amet minim sed dolor elitr. Et magna dolor dolor dolor. Lobortis et suscipit kasd dignissim consectetuer aliquip duo amet sea dolore in accusam praesent. Dolore clita labore consequat sit sadipscing justo takimata dolor nulla sit consectetuer molestie magna rebum. Sanctus erat ea dolores in lorem elitr vero stet ad hendrerit est ut magna consequat.\n","pageCount":100,"excerpt":"Duis et eros rebum ut sit ea adipiscing. Eros blandit eos sit stet invidunt. Invidunt no clita takimata aliquip exerci erat accusam no eirmod et eleifend. Justo dolor sadipscing.\nAt dolor accusam no et sed sit amet diam clita takimata sit stet duo est lorem dignissim iusto erat. Sea sit est. Et sit aliquyam vel consequat. Voluptua accumsan lorem eos eirmod eirmod lorem diam erat et takimata dolor. Ut consectetuer no at dolore. Sed duis clita at dolor justo vero sadipscing wisi. Te ipsum ipsum quis. Invidunt eu erat nonumy erat duo est quod amet lorem clita takimata et. Elitr clita accusam quis tempor elitr. Dolor dolor amet est zzril amet soluta eirmod. Ut nonumy sanctus. Amet lorem kasd invidunt sanctus nonummy vero sed stet lorem diam stet. Diam eos diam takimata ipsum zzril et vero eirmod magna at vel lorem et dolor est eos duo vulputate. Magna esse sadipscing labore dolor elitr sed duo. Ut ea vel et facilisi est erat amet velit praesent dolore labore. Kasd blandit duo molestie takimata est est justo. Illum duo erat ipsum et rebum nostrud accusam gubergren est lorem ea esse amet magna feugiat placerat dolores. Gubergren ipsum dolor et adipiscing nonumy nulla dolore et consectetuer ut eos nulla. Clita magna erat rebum et nisl delenit praesent.\nLorem congue ipsum takimata tempor invidunt. Sit eirmod rebum in dignissim ad ut clita rebum sadipscing vero facilisis nisl feugait adipiscing eos vel te ut. Magna justo sed diam dolore labore. Nonummy invidunt feugait accusam stet sit euismod consectetuer ex praesent stet facilisis consequat dolore. No quis in tempor rebum dolor iusto. Sit sit justo duo eros ea facer. Et invidunt accusam accusam et est et tempor duis vero no sed diam illum ut vel. Sed kasd et est et justo et vero erat eos at justo dolor duo lorem stet magna aliquyam. Clita diam nulla eirmod assum ex eirmod sed nonumy. Dolor dolor dolore dolores voluptua. Accusam justo rebum nulla et eirmod dolor dolor magna vel blandit accusam sanctus aliquam et sadipscing. Ad suscipit sit dolor takimata ea amet invidunt erat.\nSadipscing nisl consequat volutpat accusam molestie amet at volutpat dolore velit vero consetetur elit voluptua sanctus sit. Et ut sed nulla volutpat. No elitr aliquyam ipsum luptatum stet elitr tempor sed luptatum lorem consetetur ea et amet et. Eirmod consetetur dolore vulputate adipiscing sea facer ut clita amet sit. No lorem invidunt diam magna voluptua erat in invidunt clita. Dolore amet amet kasd facilisis clita suscipit justo magna ea clita nonumy dolore ut. Gubergren labore facilisi duis lorem sit nibh euismod justo vel dolores accusam. Sanctus dolore duis consequat diam nonumy volutpat eirmod dolor nulla rebum iusto at magna ea et dolor rebum molestie. Eirmod dolores nibh ut elitr sea sea. Kasd diam delenit nostrud. Aliquip delenit ipsum amet consetetur stet elitr. Nonumy diam tempor vel sanctus consequat wisi. Gubergren voluptua amet aliquyam et et et elitr clita sed justo. Feugiat voluptua voluptua dolores et erat vero duo et quis erat sit stet vero dolores sit et feugait velit. Kasd kasd dolor facer ea nonumy amet dolores. Takimata takimata ea consetetur kasd et minim ad accusam et voluptua et ipsum duis. Blandit dolore amet sadipscing dolore voluptua sit ipsum elitr at velit.\nEst sit nonumy ex. Sed no nonumy iusto takimata ipsum diam est et est. Feugait sanctus rebum ea suscipit et et feugiat. Soluta labore vulputate sanctus. Justo iusto quis molestie sea aliquam te elitr et ullamcorper consequat voluptua kasd et ipsum ipsum diam sadipscing. Lorem dolor et euismod eos eirmod et ut sit. Sanctus facilisis tempor et dolore eirmod magna. Dolore et lorem erat dolor diam eros dolor erat kasd nostrud facilisis praesent. At clita vero est amet magna et. No esse accumsan tincidunt kasd aliquyam labore sadipscing dolor est nobis sea quis dolor voluptua et. Aliquyam ipsum voluptua gubergren. Quod diam labore lorem invidunt sed te in accusam sit et lorem et duo eirmod. Erat nihil stet invidunt ipsum est. Ullamcorper lorem nonumy invidunt tempor sanctus odio kasd lorem diam suscipit sed nisl sed eum sadipscing no dolores lobortis.\n","publishDate":"2021-11-16T02:40:16.970403+00:00"},{"id":2,"title":"Book 2","description":"Eirmod takimata ut sed consequat et sit et clita takimata vero. Diam iriure sit dolor nonumy dolor invidunt luptatum duo lorem stet dolore sed labore est gubergren ex. Justo stet ipsum doming invidunt elitr. Delenit odio labore dignissim sit ipsum et magna dolor. Ipsum iriure vel ipsum at enim sit elit et quod est erat feugiat consectetuer. Praesent at tempor clita justo consequat nisl. Mazim at justo ipsum sit et consectetuer et amet takimata eros ullamcorper dolore accusam dolor sadipscing nonummy. Clita dolor gubergren enim invidunt. Et ipsum erat sit eu.\n","pageCount":200,"excerpt":"Tation sea odio diam sed sanctus veniam est diam gubergren sed ut ipsum. Erat aliquyam amet aliquyam consetetur amet volutpat ipsum justo vero vero sea rebum justo sadipscing tincidunt est. Illum sea et.\nAd eos molestie et. Invidunt tempor sanctus consetetur. Praesent ipsum eos duo euismod dolores lorem labore et iriure duis lorem. Sadipscing kasd kasd labore kasd sed sadipscing sit eos et. Stet gubergren diam ut dignissim blandit et qui feugiat at erat ea accusam consetetur lorem. Sadipscing eos consetetur esse eirmod dolor aliquip nibh. Ut sit consetetur et sit tempor sed et nonummy accusam sadipscing consetetur ipsum eirmod est. Sadipscing praesent delenit eum amet in vero stet in amet et aliquyam aliquyam sadipscing amet. Dolore sit illum et sanctus sit. Facilisi sit amet exerci nonumy sanctus hendrerit in. Nonumy ad consetetur illum tempor lorem sadipscing consetetur. Magna doming sit magna amet accumsan molestie no nulla labore takimata sed et lorem et ipsum sea. Lorem rebum ut. Duis elitr illum diam luptatum lorem clita sed kasd consequat sed magna at elitr at et et voluptua diam. Vel quod illum voluptua dolor gubergren. Aliquyam aliquyam est id.\nAt lorem nonummy labore voluptua sea vel ipsum option sanctus lorem et. Erat lorem at zzril hendrerit duis invidunt accusam. Lorem suscipit lobortis aliquam at sit magna dolor sanctus diam sanctus magna sit. Ut iriure kasd ipsum te sit ipsum tempor commodo volutpat ipsum magna lorem velit. Erat magna sadipscing liber veniam nibh justo ipsum dolore consequat ipsum et nobis option consetetur rebum. Erat est diam sed vel lorem amet est erat dolores gubergren labore. Amet elitr ullamcorper et quod. Ut ullamcorper est eu lorem consetetur lobortis feugiat et eleifend enim liber est nisl invidunt justo. Duis takimata lorem commodo. Labore duo nostrud te. Amet ullamcorper congue sadipscing illum takimata ipsum erat voluptua sea elitr. Rebum vero praesent vero est et dolore velit. Duo diam elitr gubergren at te augue ipsum gubergren invidunt justo velit autem accusam voluptua at elitr. Option facilisi tincidunt te amet ut diam. Voluptua lorem facilisis eu nobis. Et dolor dolor dolore sanctus eirmod sea erat ipsum voluptua labore accusam justo et consequat dolor. Labore adipiscing et aliquyam dolores nisl sea zzril sit.\nWisi quis dolore aliquyam ipsum consequat wisi et sit quis labore sea tempor ipsum diam dolores voluptua ut tempor. Erat eos at. Ipsum consectetuer diam lorem lorem consetetur nulla et rebum diam eum et ea lorem. Ipsum justo ipsum lorem clita lorem iusto et eum clita consequat enim diam. Amet volutpat duis takimata tempor et accusam duo aliquyam illum sed lorem stet veniam kasd vulputate delenit. Est eirmod amet qui elitr vero. Gubergren consetetur lorem dolore sed dolore vero assum ullamcorper aliquyam elitr sit sit. Et enim justo hendrerit lorem est rebum. Sea eos sanctus. Amet diam nonumy et ea feugiat et sed sadipscing iusto in in eirmod et nobis erat dolore. Duo in illum diam dolor in eu aliquyam magna justo ea vero. Diam wisi in dolore amet ea stet delenit sed augue justo nisl duis. Gubergren aliquip dolor justo ex consequat iriure lorem sit consectetuer gubergren vel ea congue et takimata ipsum feugiat justo. Rebum no erat sit luptatum erat sea consequat est hendrerit sea liber dolor blandit. Eum erat aliquyam dolore et sadipscing invidunt ut elitr odio at ut ea. Vulputate feugiat ut molestie nonumy gubergren sit voluptua vulputate nam velit et iusto et. Diam diam facilisi dolor sea et. Et ut tempor kasd. Vero ipsum ipsum gubergren amet diam.\nEirmod ex accusam dolor lobortis diam at takimata sadipscing et justo. Dolor kasd consectetuer dolore enim tempor in vulputate gubergren takimata sanctus sea duo tempor tempor justo. Aliquyam sadipscing dolor amet dolore eum sed et ut at justo dolores dolor. Stet sea nonumy sit feugiat velit et tincidunt in consequat amet aliquip elitr te clita iusto dolore dolor voluptua. Rebum e... (set the log level to DEBUG or TRACE to see the full content) 
 </msg>
<msg timestamp="20211116 23:40:20.209" level="INFO">C:\Users\shaaz\AppData\Local\Programs\Python\Python310\lib\site-packages\urllib3\connectionpool.py:1013: InsecureRequestWarning: Unverified HTTPS request is being made to host 'fakerestapi.azurewebsites.net'. Adding certificate verification is strongly advised. See: https://urllib3.readthedocs.io/en/1.26.x/advanced-usage.html#ssl-warnings
  warnings.warn(</msg>
<msg timestamp="20211116 23:40:20.211" level="INFO">${RESPOSTA} = &lt;Response [200]&gt;</msg>
<status status="PASS" starttime="20211116 23:40:15.967" endtime="20211116 23:40:20.211"/>
</kw>
<kw name="Log" library="BuiltIn">
<arg>${RESPOSTA.text}</arg>
<doc>Logs the given message with the given level.</doc>
<msg timestamp="20211116 23:40:20.223" level="INFO">[{"id":1,"title":"Book 1","description":"Ea ut hendrerit nonummy ipsum consetetur amet blandit elitr praesent amet diam dolor dolores amet lorem. Accusam ullamcorper accusam ipsum ex iriure volutpat gubergren et amet at nonummy amet stet et kasd. Et liber iriure consetetur et ipsum. Eos voluptua est. Consequat no tempor consequat dolores aliquam consetetur vel elitr magna. Sed accusam consetetur illum amet et sed ullamcorper velit accumsan sadipscing qui augue rebum eirmod diam sit. At magna sea ipsum justo labore rebum takimata kasd feugait vero dolor diam duo dolor elitr tincidunt vero. Consetetur commodo dolor magna luptatum dolores eos accusam facilisi sadipscing et augue gubergren rebum exerci dolores amet justo. Dolor gubergren enim dolor sea ea ipsum dolor illum at dolore accusam dignissim rebum diam invidunt. Ea lorem id eirmod amet minim sed dolor elitr. Et magna dolor dolor dolor. Lobortis et suscipit kasd dignissim consectetuer aliquip duo amet sea dolore in accusam praesent. Dolore clita labore consequat sit sadipscing justo takimata dolor nulla sit consectetuer molestie magna rebum. Sanctus erat ea dolores in lorem elitr vero stet ad hendrerit est ut magna consequat.\n","pageCount":100,"excerpt":"Duis et eros rebum ut sit ea adipiscing. Eros blandit eos sit stet invidunt. Invidunt no clita takimata aliquip exerci erat accusam no eirmod et eleifend. Justo dolor sadipscing.\nAt dolor accusam no et sed sit amet diam clita takimata sit stet duo est lorem dignissim iusto erat. Sea sit est. Et sit aliquyam vel consequat. Voluptua accumsan lorem eos eirmod eirmod lorem diam erat et takimata dolor. Ut consectetuer no at dolore. Sed duis clita at dolor justo vero sadipscing wisi. Te ipsum ipsum quis. Invidunt eu erat nonumy erat duo est quod amet lorem clita takimata et. Elitr clita accusam quis tempor elitr. Dolor dolor amet est zzril amet soluta eirmod. Ut nonumy sanctus. Amet lorem kasd invidunt sanctus nonummy vero sed stet lorem diam stet. Diam eos diam takimata ipsum zzril et vero eirmod magna at vel lorem et dolor est eos duo vulputate. Magna esse sadipscing labore dolor elitr sed duo. Ut ea vel et facilisi est erat amet velit praesent dolore labore. Kasd blandit duo molestie takimata est est justo. Illum duo erat ipsum et rebum nostrud accusam gubergren est lorem ea esse amet magna feugiat placerat dolores. Gubergren ipsum dolor et adipiscing nonumy nulla dolore et consectetuer ut eos nulla. Clita magna erat rebum et nisl delenit praesent.\nLorem congue ipsum takimata tempor invidunt. Sit eirmod rebum in dignissim ad ut clita rebum sadipscing vero facilisis nisl feugait adipiscing eos vel te ut. Magna justo sed diam dolore labore. Nonummy invidunt feugait accusam stet sit euismod consectetuer ex praesent stet facilisis consequat dolore. No quis in tempor rebum dolor iusto. Sit sit justo duo eros ea facer. Et invidunt accusam accusam et est et tempor duis vero no sed diam illum ut vel. Sed kasd et est et justo et vero erat eos at justo dolor duo lorem stet magna aliquyam. Clita diam nulla eirmod assum ex eirmod sed nonumy. Dolor dolor dolore dolores voluptua. Accusam justo rebum nulla et eirmod dolor dolor magna vel blandit accusam sanctus aliquam et sadipscing. Ad suscipit sit dolor takimata ea amet invidunt erat.\nSadipscing nisl consequat volutpat accusam molestie amet at volutpat dolore velit vero consetetur elit voluptua sanctus sit. Et ut sed nulla volutpat. No elitr aliquyam ipsum luptatum stet elitr tempor sed luptatum lorem consetetur ea et amet et. Eirmod consetetur dolore vulputate adipiscing sea facer ut clita amet sit. No lorem invidunt diam magna voluptua erat in invidunt clita. Dolore amet amet kasd facilisis clita suscipit justo magna ea clita nonumy dolore ut. Gubergren labore facilisi duis lorem sit nibh euismod justo vel dolores accusam. Sanctus dolore duis consequat diam nonumy volutpat eirmod dolor nulla rebum iusto at magna ea et dolor rebum molestie. Eirmod dolores nibh ut elitr sea sea. Kasd diam delenit nostrud. Aliquip delenit ipsum amet consetetur stet elitr. Nonumy diam tempor vel sanctus consequat wisi. Gubergren voluptua amet aliquyam et et et elitr clita sed justo. Feugiat voluptua voluptua dolores et erat vero duo et quis erat sit stet vero dolores sit et feugait velit. Kasd kasd dolor facer ea nonumy amet dolores. Takimata takimata ea consetetur kasd et minim ad accusam et voluptua et ipsum duis. Blandit dolore amet sadipscing dolore voluptua sit ipsum elitr at velit.\nEst sit nonumy ex. Sed no nonumy iusto takimata ipsum diam est et est. Feugait sanctus rebum ea suscipit et et feugiat. Soluta labore vulputate sanctus. Justo iusto quis molestie sea aliquam te elitr et ullamcorper consequat voluptua kasd et ipsum ipsum diam sadipscing. Lorem dolor et euismod eos eirmod et ut sit. Sanctus facilisis tempor et dolore eirmod magna. Dolore et lorem erat dolor diam eros dolor erat kasd nostrud facilisis praesent. At clita vero est amet magna et. No esse accumsan tincidunt kasd aliquyam labore sadipscing dolor est nobis sea quis dolor voluptua et. Aliquyam ipsum voluptua gubergren. Quod diam labore lorem invidunt sed te in accusam sit et lorem et duo eirmod. Erat nihil stet invidunt ipsum est. Ullamcorper lorem nonumy invidunt tempor sanctus odio kasd lorem diam suscipit sed nisl sed eum sadipscing no dolores lobortis.\n","publishDate":"2021-11-16T02:40:16.970403+00:00"},{"id":2,"title":"Book 2","description":"Eirmod takimata ut sed consequat et sit et clita takimata vero. Diam iriure sit dolor nonumy dolor invidunt luptatum duo lorem stet dolore sed labore est gubergren ex. Justo stet ipsum doming invidunt elitr. Delenit odio labore dignissim sit ipsum et magna dolor. Ipsum iriure vel ipsum at enim sit elit et quod est erat feugiat consectetuer. Praesent at tempor clita justo consequat nisl. Mazim at justo ipsum sit et consectetuer et amet takimata eros ullamcorper dolore accusam dolor sadipscing nonummy. Clita dolor gubergren enim invidunt. Et ipsum erat sit eu.\n","pageCount":200,"excerpt":"Tation sea odio diam sed sanctus veniam est diam gubergren sed ut ipsum. Erat aliquyam amet aliquyam consetetur amet volutpat ipsum justo vero vero sea rebum justo sadipscing tincidunt est. Illum sea et.\nAd eos molestie et. Invidunt tempor sanctus consetetur. Praesent ipsum eos duo euismod dolores lorem labore et iriure duis lorem. Sadipscing kasd kasd labore kasd sed sadipscing sit eos et. Stet gubergren diam ut dignissim blandit et qui feugiat at erat ea accusam consetetur lorem. Sadipscing eos consetetur esse eirmod dolor aliquip nibh. Ut sit consetetur et sit tempor sed et nonummy accusam sadipscing consetetur ipsum eirmod est. Sadipscing praesent delenit eum amet in vero stet in amet et aliquyam aliquyam sadipscing amet. Dolore sit illum et sanctus sit. Facilisi sit amet exerci nonumy sanctus hendrerit in. Nonumy ad consetetur illum tempor lorem sadipscing consetetur. Magna doming sit magna amet accumsan molestie no nulla labore takimata sed et lorem et ipsum sea. Lorem rebum ut. Duis elitr illum diam luptatum lorem clita sed kasd consequat sed magna at elitr at et et voluptua diam. Vel quod illum voluptua dolor gubergren. Aliquyam aliquyam est id.\nAt lorem nonummy labore voluptua sea vel ipsum option sanctus lorem et. Erat lorem at zzril hendrerit duis invidunt accusam. Lorem suscipit lobortis aliquam at sit magna dolor sanctus diam sanctus magna sit. Ut iriure kasd ipsum te sit ipsum tempor commodo volutpat ipsum magna lorem velit. Erat magna sadipscing liber veniam nibh justo ipsum dolore consequat ipsum et nobis option consetetur rebum. Erat est diam sed vel lorem amet est erat dolores gubergren labore. Amet elitr ullamcorper et quod. Ut ullamcorper est eu lorem consetetur lobortis feugiat et eleifend enim liber est nisl invidunt justo. Duis takimata lorem commodo. Labore duo nostrud te. Amet ullamcorper congue sadipscing illum takimata ipsum erat voluptua sea elitr. Rebum vero praesent vero est et dolore velit. Duo diam elitr gubergren at te augue ipsum gubergren invidunt justo velit autem accusam voluptua at elitr. Option facilisi tincidunt te amet ut diam. Voluptua lorem facilisis eu nobis. Et dolor dolor dolore sanctus eirmod sea erat ipsum voluptua labore accusam justo et consequat dolor. Labore adipiscing et aliquyam dolores nisl sea zzril sit.\nWisi quis dolore aliquyam ipsum consequat wisi et sit quis labore sea tempor ipsum diam dolores voluptua ut tempor. Erat eos at. Ipsum consectetuer diam lorem lorem consetetur nulla et rebum diam eum et ea lorem. Ipsum justo ipsum lorem clita lorem iusto et eum clita consequat enim diam. Amet volutpat duis takimata tempor et accusam duo aliquyam illum sed lorem stet veniam kasd vulputate delenit. Est eirmod amet qui elitr vero. Gubergren consetetur lorem dolore sed dolore vero assum ullamcorper aliquyam elitr sit sit. Et enim justo hendrerit lorem est rebum. Sea eos sanctus. Amet diam nonumy et ea feugiat et sed sadipscing iusto in in eirmod et nobis erat dolore. Duo in illum diam dolor in eu aliquyam magna justo ea vero. Diam wisi in dolore amet ea stet delenit sed augue justo nisl duis. Gubergren aliquip dolor justo ex consequat iriure lorem sit consectetuer gubergren vel ea congue et takimata ipsum feugiat justo. Rebum no erat sit luptatum erat sea consequat est hendrerit sea liber dolor blandit. Eum erat aliquyam dolore et sadipscing invidunt ut elitr odio at ut ea. Vulputate feugiat ut molestie nonumy gubergren sit voluptua vulputate nam velit et iusto et. Diam diam facilisi dolor sea et. Et ut tempor kasd. Vero ipsum ipsum gubergren amet diam.\nEirmod ex accusam dolor lobortis diam at takimata sadipscing et justo. Dolor kasd consectetuer dolore enim tempor in vulputate gubergren takimata sanctus sea duo tempor tempor justo. Aliquyam sadipscing dolor amet dolore eum sed et ut at justo dolores dolor. Stet sea nonumy sit feugiat velit et tincidunt in consequat amet aliquip elitr te clita iusto dolore dolor voluptua. Rebum erat dolore sanctus est duo suscipit rebum et clita iusto ut eirmod diam elitr eirmod autem justo nibh. Nostrud ipsum ea clita option ad sit dolor takimata eum aliquam. Clita gubergren et ut est dolore stet facilisis labore iusto amet feugiat ipsum veniam sit et. Autem eos praesent dolor takimata. Doming in gubergren et tation vel ipsum et et sea. Stet diam kasd takimata sed amet in ea rebum tempor et erat rebum. Lorem dolor molestie nonummy aliquam et et diam justo nonumy elitr consetetur takimata dolore erat magna ex at vero. Ipsum justo est no ut nulla kasd. Kasd ex lorem takimata dolor eirmod sea amet sit augue dolore eirmod aliquyam sea no ipsum.\n","publishDate":"2021-11-15T02:40:16.9704913+00:00"},{"id":3,"title":"Book 3","description":"Gubergren et invidunt. Sanctus amet lorem kasd accumsan voluptua sit tincidunt takimata aliquyam no et diam. Invidunt invidunt ad ipsum luptatum augue sanctus invidunt consetetur justo et in magna labore consetetur amet. Consetetur labore sed magna ipsum laoreet magna enim magna lorem. Iusto sit sed nihil magna takimata tempor feugiat dolores accusam justo elitr accusam aliquam euismod sed sit. Amet feugiat magna sanctus et zzril dolores lorem lorem luptatum sed consequat sea illum diam.\n","pageCount":300,"excerpt":"No sea et exerci takimata erat sit ut sadipscing no sadipscing sanctus duis sed sit ut sit. Est ea eleifend blandit erat magna dolore ipsum ipsum et elit dolore illum dolore sanctus est et et vero. Nam dolores ut est diam sanctus et. Et tempor dolore aliquip. Congue accusam duo eu vero sed ut voluptua lobortis voluptua vero consectetuer consetetur at kasd sit at adipiscing. Kasd aliquip commodo. Aliquyam kasd ad eos diam diam doming et sed dolore accusam accusam kasd ipsum et sed tation. Invidunt ipsum sed kasd lorem aliquyam magna stet sed sit et vero. At sit et lobortis invidunt kasd ut dolor ipsum sea gubergren. Nisl eos ipsum sit. Ea vulputate eirmod augue et amet et justo nulla amet sed autem dolore dolor et duo. Sea accusam diam invidunt invidunt aliquyam est. Labore amet aliquyam sed blandit et sed minim iriure et. Vero voluptua ad magna erat vel erat sit. At lorem eos invidunt et in stet dolore. Kasd feugiat tation sed lorem et sit. Sed vero takimata stet dolore vulputate kasd sed sadipscing lorem vel et eos. Sea soluta no eirmod nonumy sit nibh stet diam.\nLorem vel ipsum no veniam voluptua vel takimata voluptua no est hendrerit luptatum sadipscing. Accusam amet et consetetur lorem dolore ea gubergren et no duo clita. Lorem dignissim erat gubergren clita ex erat praesent vero dolore. Et ut gubergren duo at lorem stet in erat sadipscing at dolor diam sit rebum. Nisl sadipscing augue. Duis ea elitr ipsum. Aliquyam odio diam dolor aliquyam illum dolor stet sea et. Tempor duo vel justo amet sadipscing dolore at diam justo nonumy accusam ipsum ullamcorper te sadipscing. Dolore dolor takimata sadipscing takimata duis consetetur et invidunt imperdiet illum no at et dolore eos. Consectetuer ut nulla. Est tempor et ipsum eum duo elitr duo clita est lobortis gubergren dolor.\nEt nonumy clita vulputate sanctus tempor no eum et ex et nulla takimata dolor. Vero sadipscing adipiscing labore voluptua ipsum accumsan at consectetuer kasd ipsum sed ut sed magna. Voluptua dolor accumsan sea consetetur lorem ipsum.\nAmet vulputate amet nibh ut molestie ut et wisi illum kasd ullamcorper duo est gubergren. Consetetur esse accusam ipsum et volutpat vulputate invidunt ut diam ut et possim. Id amet autem doming magna euismod eos labore est nostrud cum at. Euismod et no nulla consectetuer congue ut.\nVero lorem invidunt consetetur sit amet no amet. Dolor amet sit invidunt amet voluptua placerat feugait ex sit kasd et nonummy. Te sadipscing kasd kasd voluptua kasd nam cum tempor dolor et enim. Accumsan et tincidunt no ut. Eirmod ut sit diam takimata et dolore dolor diam amet sit no in ut ex voluptua amet. Dolor dolore lorem takimata ut rebum consetetur lorem dolores sed dolore dolor erat elitr ipsum facilisis consetetur ea. Magna lorem clita facilisis magna dolore lobortis invidunt sadipscing sed consequat dolores eu. Esse sea et dolore euismod ut dolore molestie lorem ipsum lorem ipsum. Et sea sanctus rebum diam sit vero justo ut sanctus et invidunt. No diam sit stet ea euismod labore labore nostrud ut kasd sit sit aliquyam. At labore no at kasd at takimata sed tempor diam iriure et accusam. Option dolor ipsum feugiat aliquyam diam et velit sed justo vel invidunt et nonumy vero.\n","publishDate":"2021-11-14T02:40:16.9705525+00:00"},{"id":4,"title":"Book 4","description":"Labore tempor sit feugait magna dolor dolor minim labore dolor ea ipsum consequat kasd kasd dolor rebum rebum labore. Ipsum tation ipsum diam sadipscing. Nulla magna ullamcorper dolor blandit vulputate ut gubergren accusam dolor quod. Erat lorem takimata ea elitr at at. Est ut eu eos sed voluptua et et ea rebum luptatum erat dolores sed facilisi ea. Justo et sea liber tation. Eu ipsum nonumy. Erat dolor dignissim zzril facilisis amet lorem diam duo dolores dolor nulla ut duo accusam at diam adipiscing voluptua. Sit magna sed stet dolor diam amet consequat minim et lorem et ipsum sed eum. Sed et invidunt dolore minim accumsan vero luptatum sit eirmod et. Lorem et blandit dolor at voluptua labore sed. Exerci vero eirmod et labore at. Duo et at consectetuer feugait accusam luptatum vero id sadipscing duis sed sea eum stet ea labore feugait ut. Adipiscing ipsum et voluptua takimata gubergren et nonumy no lorem aliquyam sed. Elitr et dolores erat. Magna feugiat amet consetetur.\n","pageCount":400,"excerpt":"Sed sea dolore diam amet hendrerit aliquam gubergren invidunt stet amet. Nibh soluta dolor lorem lorem amet ea duis dolor quod kasd amet. Amet sea consetetur at takimata magna invidunt elitr sanctus ipsum lorem et est consetetur molestie. Aliquam diam tempor sed rebum ullamcorper exerci amet et erat est nonumy aliquyam. Ea ea diam sadipscing ea dolore clita sit. Et voluptua diam. Dignissim nulla aliquyam nostrud sit duis dolor. Diam sanctus no dolore est eum et doming nihil voluptua amet clita duo aliquyam. Aliquyam clita ad liber dolore dolor no. Et molestie nonumy takimata amet tempor praesent erat et diam gubergren dolor suscipit magna. Erat clita stet lorem amet vero magna sed commodo.\nVel duo eirmod diam. Amet magna justo elitr nulla ea nonumy consequat sadipscing amet et clita labore hendrerit dolores consetetur lorem nulla ea. Duo imperdiet sea et invidunt nonumy voluptua sit ut consequat sit lorem elitr sea magna. Diam nonumy nonumy stet dolore elit magna liber ut duo eirmod. Iusto labore velit cum. Velit sit volutpat et tempor takimata ex no sanctus consetetur. Stet et ipsum facilisis autem clita lorem kasd. Est diam takimata ea et. Dolores vulputate magna nibh tempor amet dolor et labore takimata. Quod ipsum magna lorem lorem vero. Dolore sadipscing sit illum sanctus ipsum accusam erat voluptua at.\nSed dolor qui lobortis diam erat. Vero sea placerat zzril tempor aliquyam ut. Vero sit erat nam commodo et accusam. Aliquyam aliquip dolor labore dolore elitr takimata takimata et rebum tation. Rebum eos rebum. At sadipscing erat sed labore doming ipsum ex. Amet feugait erat rebum sanctus ea ipsum sea consetetur vero sanctus et consetetur facilisis nisl duo. Autem erat iriure facilisi kasd ipsum. Dolore dolore feugait lobortis clita at wisi delenit elit delenit magna. Facilisis at stet elit exerci accusam dignissim blandit vero justo. Dolor diam amet duo sit suscipit kasd consequat lorem est vulputate tation vero. Ad delenit in lorem. Vero magna consequat et tempor sanctus adipiscing rebum et consequat nonummy et. Blandit ut sit tincidunt dolores sea blandit sed laoreet ut kasd vero vero dolores. Sea amet voluptua. Sed eu nulla ea stet sanctus exerci sed lorem consetetur sed vero et consequat at sea nonumy. Invidunt magna illum eos ut volutpat magna odio.\nNonumy mazim ut eirmod erat option et nobis et odio et invidunt. Erat magna sit amet tation. Takimata et gubergren amet magna no sit ut sanctus ea gubergren ut sea minim erat eirmod amet. Nonumy dolores sea feugiat vulputate invidunt dolor no lorem et. Elitr possim no placerat consequat suscipit quis aliquyam facilisi. Erat labore aliquyam magna tempor clita volutpat et sadipscing aliquyam sed. Ut et sed aliquyam dolor diam eos dolores sit no takimata duo delenit at qui veniam diam sea et. Justo dolore consetetur labore sanctus takimata. Ullamcorper feugiat sea laoreet placerat voluptua sea magna eirmod sit. Sea molestie takimata takimata magna aliquip facilisis clita et amet dolore. Nonumy dolores et dolore eum sadipscing dolore takimata amet in tation consectetuer consectetuer tincidunt ut ut elitr. Sed ea kasd sadipscing lorem eum dolor rebum. Velit ut amet invidunt sadipscing ipsum facilisi clita vero at iriure amet nonumy. Consetetur et consequat aliquyam eum nulla sit ipsum sed ut et.\nLorem ut invidunt ut rebum eu amet accusam lorem stet est ea molestie erat aliquyam sed. Illum dolore dolor eirmod adipiscing nonummy eos commodo sed vero aliquyam odio velit dolor et sea sit nostrud. Eirmod vero ex ad. Liber sit ad magna duis no eu et at ea at aliquip sadipscing elitr dolore nulla. Justo ut et in justo stet nibh dolores lorem eu molestie ipsum nonumy volutpat aliquyam dolores ipsum dolor.\n","publishDate":"2021-11-13T02:40:16.9706324+00:00"},{"id":5,"title":"Book 5","description":"Dolores dolores ea consetetur magna imperdiet accusam tempor labore duo feugiat sed duo ut est wisi tempor illum invidunt. Tempor aliquyam nibh amet elitr sit invidunt clita consetetur sit diam sed hendrerit rebum eirmod dolor. Eos ut eos quis et sit invidunt est. Lobortis eirmod amet molestie nulla aliquam dolore takimata voluptua tempor eos. Ipsum justo tation sea. Diam at diam justo lorem dolor lorem aliquyam eirmod vel dolor lorem ea aliquyam. Diam amet in ad stet dolor et esse no lorem eirmod. Sed voluptua amet diam dolor nobis feugiat eirmod dolor dolor sed aliquip diam sit ex sed at ex luptatum. Takimata augue ex tempor sed sadipscing eum zzril accumsan vero consetetur et dolore sit et lorem dolor takimata amet.\n","pageCount":500,"excerpt":"At ipsum tempor at takimata sed et at magna delenit vero molestie diam. Amet sea elitr. Lorem accusam dolores ad duo hendrerit voluptua dolores quod lorem consequat ipsum duo tempor duis at magna te. Eum ipsum blandit delenit in at diam lorem dolor sed dolor at sit accusam aliquyam. Dolor ut et ex iriure amet sed luptatum vel eum et dolore tempor at autem stet possim elitr. Vero justo sed id ut nonumy lorem duis. Facilisi minim justo iriure nonumy et amet consetetur ut. Suscipit nihil elit dolor et dolor doming et praesent et eum nonumy nisl lorem in sanctus exerci diam. Amet erat diam accusam eum. Erat magna sanctus et eum rebum assum sed commodo est et exerci duo accusam nihil sea sanctus eirmod sea. Ea clita ea et dolore autem labore tempor nostrud sit delenit voluptua amet elitr et elitr diam. Accusam nulla lorem kasd. Volutpat hendrerit erat consetetur sanctus rebum tempor vero dolor stet at vero ea vero dolor nonumy dolore veniam dolor. Invidunt diam sanctus diam at aliquyam nonumy ut amet dolores amet dolore iriure. Dolores sit lorem est erat vero et et diam rebum sanctus consequat lobortis volutpat iusto et nonumy. Dolor sanctus ipsum ut. Dolores dolor voluptua vero dolor facilisis dignissim dolor.\nDuis facilisis invidunt invidunt. Ipsum sed ea rebum rebum in odio. Sea odio nulla eos kasd. Eu consectetuer tempor dolore id. Ea dolor sit dignissim nulla elitr sit gubergren dignissim clita elitr eirmod. Sed voluptua accumsan diam. Quis no delenit. Justo dolore diam. Consetetur diam amet magna no sit nulla enim. Dolore diam rebum sanctus accusam sed kasd justo amet veniam eos tempor et ea odio gubergren dolor clita. Et dolor labore autem ea dolor magna sed gubergren. Ipsum et soluta eirmod ut hendrerit vel autem labore takimata duo. Sit eos nisl takimata tempor kasd sed aliquyam lorem.\nAliquyam gubergren vero zzril erat lorem lorem. Erat dolor duis sadipscing vero. Et ea et vero labore minim lorem. Eirmod takimata clita diam takimata et accusam esse veniam et diam. Eos nulla euismod sed soluta duis magna duo et soluta. Erat gubergren sed erat amet duo nonumy et duo dignissim nulla facer ut dolor ipsum. Nisl duo tincidunt est sadipscing laoreet nonumy invidunt vero lobortis. Diam eirmod diam tempor duis volutpat accumsan illum.\nDolor voluptua et gubergren labore eirmod rebum sadipscing invidunt stet at ea ut no amet sed. No et nulla eirmod dolore no ullamcorper lorem dolore suscipit consequat et et elitr justo elitr et. Hendrerit sed amet no. Vero illum assum elitr suscipit diam ipsum laoreet tempor qui ut feugiat consetetur ut. Adipiscing amet rebum te duo praesent ea no dolores lorem takimata elitr lorem magna.\nDolor adipiscing et cum at. Duo sit sea erat dolore duis eirmod ea. At takimata voluptua ea sed tempor ipsum diam luptatum sadipscing laoreet dolore eirmod lorem enim molestie sed. Delenit accusam magna sit dolore et ipsum dolore stet ea. Vel ipsum iriure volutpat gubergren dolore labore minim amet amet duis dolore feugait feugait gubergren ipsum takimata. Dignissim takimata augue. Dolore blandit sadipscing aliquyam vero voluptua gubergren. Elitr stet amet dolor sit sed voluptua sit sed gubergren et. At ea tempor. Sanctus elitr lobortis clita nonummy lorem clita sed id. Accusam diam ut erat no no ipsum sanctus sea et et takimata stet ipsum diam accusam sit diam diam. Dolor praesent vel vero sea magna tempor magna magna. Dolor diam tempor invidunt clita amet gubergren ipsum takimata no molestie ut.\n","publishDate":"2021-11-12T02:40:16.9707026+00:00"},{"id":6,"title":"Book 6","description":"Ex commodo rebum justo. At ipsum at eirmod. Eros tempor augue dolore. Sed et eos accumsan dolor dolore duis option sed aliquip diam sit ipsum erat dolore est. Te doming dignissim sed amet volutpat consetetur at adipiscing voluptua ipsum. Consetetur dolore est takimata diam dolore invidunt wisi nonumy diam magna elitr lorem. Tempor te erat sit sit sanctus ipsum no ut duo zzril diam no eos clita amet. Voluptua te at et qui est justo at aliquyam amet tation nonumy elitr et quis sed esse magna illum. Ipsum erat veniam facilisis ut diam tempor sea lorem eos consectetuer qui amet eirmod sit ex. Dolor dolores lorem sanctus te et sea. Et ea sit sit erat eos sadipscing clita lorem sanctus tempor amet. Sed erat amet clita sed takimata adipiscing. Consetetur gubergren hendrerit rebum ex labore. Sit justo sanctus stet tempor duo lorem est sea no amet lorem nonumy placerat. Sadipscing at tempor elitr qui takimata dolor amet dolores sadipscing nulla aliquip voluptua voluptua laoreet esse. Diam amet amet consequat illum. Nibh zzril duo vero facilisis erat no takimata elitr dolore lorem. Ea at exerci ipsum diam. Sed accusam possim lobortis dolore et facilisis.\n","pageCount":600,"excerpt":"Ipsum gubergren consetetur sed nulla iriure facilisis sed sanctus. Dolore dolor elitr at dolores sanctus sanctus et sadipscing amet amet eirmod quis sanctus nam. Augue vero justo sit amet te erat sit elitr vel ea takimata no sadipscing vel. Et erat takimata stet invidunt delenit eirmod invidunt at ex. Sanctus facilisis ipsum wisi eirmod ex dolore iriure aliquip no gubergren invidunt. Sanctus sea et lorem elitr amet ut lorem feugait duis eirmod vel ipsum ea tempor. Odio ea voluptua enim justo vero hendrerit consetetur rebum voluptua et diam autem et sed eos esse. Gubergren sed illum adipiscing sadipscing quod eos suscipit. Stet quis tempor diam duo et iriure lorem euismod soluta gubergren. Lorem amet nonumy. Ea sed zzril clita eum et labore feugait duis takimata no erat. Accumsan dolore lorem dolores vero iriure ut diam ut lorem kasd ipsum et et et sed amet est stet. Amet imperdiet ut no invidunt et ut voluptua veniam minim gubergren sea vero erat.\nLorem et doming lorem aliquip nihil aliquyam. Ipsum gubergren sed aliquyam enim nulla gubergren lorem facilisis stet no clita dolores eu luptatum nam ipsum diam labore. Consetetur lorem erat stet amet ut at magna nonumy ullamcorper erat. Dolores dolor est dolor at accusam nulla vel. Dolore rebum nulla et velit duo hendrerit. Nonumy consectetuer sanctus rebum tempor magna amet nonumy takimata.\nLorem ut at est laoreet clita consetetur consetetur feugiat veniam consetetur zzril eum. Velit eirmod nostrud dolores dolores feugiat adipiscing est ipsum. Eos sadipscing erat rebum kasd sanctus diam odio dolore ut elitr feugiat option vero. Sea iriure accumsan clita. Sit ut ut doming. Voluptua suscipit et nonumy clita euismod duo est justo dolore kasd duis zzril aliquip eos et eos. Sed feugait et magna dolore minim gubergren et gubergren. Sit gubergren tempor diam et magna esse ea vero magna lorem placerat iriure. Iriure sadipscing nisl rebum amet vero facilisi justo eos invidunt invidunt sit dolor tempor takimata sed veniam erat. Voluptua est dolor consetetur nonumy velit blandit dolores sea. Sed lorem eirmod ut eos consetetur sadipscing sanctus facilisis tempor invidunt invidunt magna tempor qui diam et rebum. No delenit invidunt vero et dolores dolor invidunt ipsum dolor at amet sea ea gubergren. Eirmod ipsum vel quis tempor rebum. Amet elitr eu nonumy invidunt tation quod commodo erat accusam dolor amet. Nonumy vero dolores duo est no amet iusto lorem te erat.\nAliquyam vel elitr suscipit dolore accusam amet sadipscing dolores eirmod sea erat duis eum vero ipsum. Sanctus accusam lorem dolores elitr dolor dolore et elitr erat dolor lorem sit ex. Et et duo kasd liber rebum lorem. Est et aliquam te ut facilisi. Dolor et labore eum. Nulla sanctus tempor consequat invidunt gubergren aliquam at et sadipscing. Aliquyam dolore velit clita diam feugiat no et rebum duo nostrud amet dolor lorem. Invidunt consetetur duo accusam dolore ea duo amet. Gubergren kasd ipsum at iriure gubergren lorem diam stet sadipscing duo in eirmod erat eleifend amet laoreet. Duo est lorem nonummy diam sadipscing consectetuer aliquip clita. Sit consetetur sanctus et tempor eum dolor kasd velit nonumy liber ipsum labore dolore et lorem et sadipscing. Et dolore ut sed dolor lorem suscipit dolor lorem facilisis aliquyam kasd diam dolor vero tempor. Rebum dolor est duis voluptua hendrerit clita stet. Ea stet dolores illum invidunt ut velit dolor dolor elitr amet justo ea accusam ipsum dolor lorem ex sed.\nSanctus dolore eirmod elit diam elitr eirmod suscipit nonumy rebum. Lorem et cum accusam aliquyam dolores possim. Iusto facilisi aliquam ea diam. Lorem facilisis eros et lobortis invidunt cum sadipscing esse no feugait. Amet eum dolore nobis in at aliquyam tincidunt lorem erat invidunt voluptua gubergren accusam rebum dolore accusam. Suscipit eum kasd rebum sed ea dolore eum option nulla ipsum nulla aliquyam consetetur clita sit et no et. Erat amet ut labore justo lorem diam zzril dolore stet iusto et dolor nulla lorem sed duo. Facer et accusam ea. Odio euismod qui molestie elitr ea gubergren lobortis aliquyam. Sit erat kasd kasd vero amet. At feugiat dolore rebum dignissim accusam. Et diam et et erat eirmod id ut. Amet eos tincidunt consequat kasd dolore vel illum et sit. Sit ipsum dolor dolores vero sadipscing nulla invidunt vero nulla rebum et lorem voluptua ea. Magna consequat euismod dolor ut dolores ut eum nihil ut aliquyam ea consetetur aliquyam diam duis diam ipsum sed. Dolore dolores sed invidunt exerci lorem nibh invidunt sanctus et vero sea nulla rebum lobortis sit. Lorem accusam ut duis ea nonumy diam diam zzril aliquyam consetetur feugiat duo nihil nam. Diam nam ea sanctus esse duis aliquyam sanctus ipsum tempor magna kasd et dolor no dolor voluptua. Eirmod sed diam nulla kasd eum eirmod diam sea at justo sanctus in justo consectetuer justo.\n","publishDate":"2021-11-11T02:40:16.97086+00:00"},{"id":7,"title":"Book 7","description":"Diam sit nisl molestie diam ipsum nulla lorem ut at accumsan eos et illum lorem ad. In sed sed amet vulputate duo ipsum et sanctus invidunt. Enim sit gubergren enim kasd eirmod eirmod. Congue ut esse elitr et stet eos. Ea vel sea ut sit et nonumy takimata amet sit magna ipsum sed. Dolores labore sanctus invidunt ea clita aliquam elitr magna sed aliquyam vero duo takimata sanctus. Minim et rebum et. Consetetur ipsum sit vero. Dolores dolor vero amet sed.\n","pageCount":700,"excerpt":"At et velit zzril aliquyam adipiscing. No sea eos aliquyam vero diam dolor accusam dolor exerci illum et nonumy nonumy. In ea diam diam esse amet dolores duo invidunt ut amet est kasd diam. Et feugiat sit consequat rebum nostrud et ex dolore consequat takimata amet labore. Rebum vero duis consectetuer dolor tation. Iusto dolore sadipscing gubergren quis velit invidunt mazim erat facer sadipscing dolore dolor diam. Zzril ipsum at labore est consequat amet vero vel lorem et accusam et dolor praesent et stet. Magna praesent kasd sea in et justo et kasd amet gubergren dolor rebum. Dolore exerci consetetur sadipscing sea rebum diam dolor. Gubergren eu ut sed qui rebum dolore kasd enim magna nisl lobortis qui sed nisl dolore. Rebum accusam possim amet commodo ut labore duo nulla sed esse at zzril dolore sea kasd amet duo consequat. Consetetur ea blandit labore assum gubergren dolore at erat eros illum liber gubergren sanctus labore. Amet eos sadipscing amet labore no kasd lorem sea odio duo. Duis consetetur sadipscing vero gubergren rebum sea quis labore est sed.\nAt diam ipsum consetetur et lorem id labore exerci diam justo sea tempor et invidunt ut lorem tempor. Dolor vel dolore. Dolor eos sit rebum ipsum tempor magna consetetur dolore sit sea no dolor stet no at eos sadipscing dolore. Et accusam cum. Amet et diam et. Duis illum velit sadipscing et. Et ut ut dolor erat sea et dolore sed sit gubergren ea. Nonumy dolor dolor lorem nisl consetetur justo dolore diam hendrerit justo at ea ut dolore lorem dolores ipsum. Erat eu diam eirmod eirmod sit dolore dolore illum. Sit kasd dolor eros sed et facilisis et ut dolore et dolor labore blandit. Et eirmod duis lorem sit dolore diam vero id dolor rebum volutpat stet placerat ipsum duo. Justo nonumy sed at dolores praesent accusam et dolore et ut iusto. Dolores sed dignissim nonumy est sea erat nulla enim eu voluptua. Et iriure rebum erat feugiat sea praesent ea wisi praesent consetetur. Liber lorem velit dolor augue congue sed. Ea voluptua ipsum minim sit ullamcorper invidunt nonumy wisi accumsan.\nQui vero gubergren eirmod sanctus sadipscing est nonumy lorem takimata amet zzril. No ea est ipsum elitr consetetur et ipsum. Ipsum option ea gubergren aliquyam takimata sed. Et gubergren et assum takimata vel facilisi dolores tempor qui no velit in te voluptua. Diam sed takimata rebum elitr iusto facilisis luptatum. Sanctus est kasd iriure suscipit vel sed lorem iriure suscipit diam elit amet. Et dolor et sanctus sed. Illum est sadipscing vero minim accusam sanctus amet sed dolor nibh magna duo et.\nClita consetetur stet accusam clita sanctus ipsum tempor clita lorem sed et invidunt et est volutpat. Voluptua sed sit sed est voluptua ipsum hendrerit eu nulla commodo sed. Amet et dolor sadipscing ut diam elitr. Et dolore takimata takimata lorem ad minim commodo dolor sadipscing at stet at clita. Amet amet at volutpat consetetur erat consequat et erat sea dolore illum consetetur magna sadipscing. Facilisis accumsan amet vero. Amet accusam dolor amet sed voluptua justo lorem vero ea magna lorem te dolor sadipscing tincidunt. Ipsum at consequat iriure nam ipsum veniam dolor enim dolore ipsum. Eum nam duis nonumy eos nonumy aliquyam vero eos lorem lorem sed. Consetetur tempor facilisis. Labore dolore amet nonumy invidunt nibh at labore. Vero eos diam magna sea consetetur ea. Duis consetetur tempor rebum erat. Rebum aliquip est amet et hendrerit euismod clita lorem dolore. Sit dolore nisl nonumy gubergren aliquyam assum sit no magna sea labore elitr amet gubergren. Erat ipsum lorem sadipscing praesent illum ut tempor soluta dolore vel ipsum quis invidunt kasd amet sea. Hendrerit nulla illum. Tempor rebum ipsum stet sed eleifend takimata et stet. Clita dolore sit ipsum in magna amet ipsum stet et aliquip sed luptatum dolor et erat.\nSed kasd eirmod consequat zzril ad clita ut. Esse diam ea aliquyam et justo et sed labore nonumy dolor nulla ipsum. Possim dolores ea erat ut zzril erat diam clita nonummy et kasd. Clita consequat nulla et ut. Et amet stet sed tempor laoreet no.\n","publishDate":"2021-11-10T02:40:16.9718994+00:00"},{"id":8,"title":"Book 8","description":"Eirmod diam vero dolore takimata facilisis enim magna adipiscing sit et. Dolor augue dolore et rebum accusam duo eirmod eros in sanctus dolore invidunt eos. Nibh eirmod clita facilisis dolor dolore invidunt dolor nonumy lobortis et. Et stet ipsum aliquyam duo dolore ipsum et dolore dolore nam nonumy eleifend sea dolor duo aliquam. Dolore sit labore consetetur sed elitr eirmod sea dolor sanctus amet kasd facilisi duo magna. Sit sea eos sea nam lorem. Et aliquyam sed amet nulla voluptua gubergren dolor dolores dolor. Sit invidunt accusam sed eirmod. Elitr sed rebum dolor eirmod lorem at vero elitr vel stet labore nonummy kasd dolore. Stet sadipscing nonumy amet at ipsum dolore ut lorem tempor sed praesent eirmod facilisis. Dolores ut sit kasd erat ut nonumy consequat. Duis consetetur dolores erat. Rebum voluptua at consetetur dolore sanctus clita nonumy labore esse sed amet erat sadipscing nibh diam kasd justo.\n","pageCount":800,"excerpt":"Amet consequat duis erat lorem kasd at nam sanctus et eu ipsum lorem facilisis diam et eirmod facilisi. Nonumy ut sed dolores eu in tempor dolore amet elitr sea. Voluptua eirmod erat dolor ipsum ullamcorper veniam facilisis at luptatum sed et. Qui veniam sed sadipscing et. Eirmod accusam consectetuer eos ea blandit et aliquyam. Stet erat no enim ipsum invidunt lorem in at nulla elitr amet id consetetur.\nNibh consetetur volutpat eros eos amet sanctus voluptua dolor justo rebum minim ea stet duo. Duo dolor nobis sed diam. Invidunt stet stet invidunt et illum sed. Stet vero duo luptatum nisl exerci amet duis ipsum sit vero vulputate stet rebum et erat dolor clita. Sed ea elitr sea invidunt lorem ut sed ex augue tempor nonumy facer autem et vero lorem consetetur zzril. Gubergren rebum et illum consequat est lorem feugiat mazim diam labore nulla est. Amet dolor accusam sit eirmod kasd erat dolores dolore. Duis vulputate aliquip ipsum et. Ipsum invidunt feugiat dolores ipsum. In sea iriure magna sanctus et lorem at sed dolor tincidunt rebum ipsum consectetuer ipsum lorem amet ipsum. Consetetur dolore accumsan ut kasd. Amet voluptua dignissim et duis voluptua tempor diam consequat. Dolor lorem sit lorem dolor dolor tempor invidunt dolore et lorem takimata vero ipsum consequat sed euismod takimata eirmod. Duo eos illum sed kasd doming erat vero aliquyam et lorem lorem clita sed takimata dolore minim. Augue dolore delenit molestie enim consetetur ut accusam assum dolores nonumy mazim gubergren magna invidunt velit. Vero sanctus eos. Qui nonumy stet takimata et nihil et.\nSit sit duis illum consetetur exerci ipsum. Diam lorem sadipscing nulla sea sed molestie liber ipsum tation magna facer doming praesent tempor. Vulputate erat eos nobis aliquyam luptatum ea sit hendrerit voluptua. Nonumy amet invidunt invidunt vel lorem dolor duo et duis accusam dolore amet imperdiet clita stet sed ipsum. Dolores sed sea no sadipscing et nonumy labore ut sea gubergren sed dolore dolore esse iriure et sit. Aliquip vulputate sanctus dolor sadipscing nonumy kasd ipsum. Est at dolor invidunt lorem sit dolor diam dolore erat elitr odio no justo diam voluptua vero. Eos aliquyam nam sit id nulla nonumy aliquam dignissim consetetur sed rebum lorem duis nihil. Erat sanctus liber invidunt iriure erat liber consetetur delenit nonumy no ea sadipscing duo assum euismod et ad.\nFacer lorem ut sed ut ipsum duo duo sit dolores dolor magna sea lorem nonumy adipiscing aliquyam. Duis consetetur vero. Est suscipit et eos nulla invidunt sanctus dignissim sadipscing iusto justo elitr assum voluptua. Lorem amet consetetur clita voluptua diam dolor.\nSea vero erat sea tempor dolore dolore enim et erat eu congue ut dolore. Ea diam magna. Erat sit amet gubergren dolor at diam tempor ipsum et lorem sit sea amet diam minim. Takimata autem labore kasd ipsum invidunt diam. Consetetur sea no dolor vero sit at sit nonumy sed et sea et dolore. Aliquyam sit diam duo erat nostrud vero augue sea ea nonumy sea iriure ea stet at. Et justo et commodo te labore luptatum ipsum vero assum qui no consetetur lobortis duis at. Lorem et minim amet dolore diam lorem feugiat eos eirmod.\n","publishDate":"2021-11-09T02:40:16.9719636+00:00"},{"id":9,"title":"Book 9","description":"Et option diam praesent takimata ea wisi clita option aliquam kasd facilisis et est at. Ipsum dolor elitr hendrerit labore erat sanctus dolor nulla exerci quis esse amet eos odio erat augue ea. Nonumy vero et tempor eos. Clita dolor ea est et est sadipscing facilisi lorem velit no vel dolor in lorem. Magna accusam et sea in stet voluptua dolor luptatum magna eleifend stet ut duis ipsum.\n","pageCount":900,"excerpt":"Eirmod nisl diam in sed duis. Gubergren et aliquam duo at vel duo sit tempor amet imperdiet accusam dolor zzril nostrud amet dolor. Eos ipsum lorem magna et ipsum no. Consetetur voluptua magna duis nostrud nonumy sadipscing. Nostrud duis duis takimata et dolor luptatum nonumy voluptua dolores lorem sadipscing takimata et augue facilisi nobis. Molestie te et tempor. Eu no consetetur in vero enim eum. Exerci clita odio sanctus dolor ullamcorper amet dolor accusam est sit lorem est ipsum et eum et consequat sadipscing. Vulputate justo sed eu voluptua amet sit lorem at stet iriure accumsan commodo consetetur no ea lorem dolores ea. Rebum et ut invidunt lorem eirmod iusto sed voluptua magna ad iriure est vel et nonumy rebum nonumy. Dolor tation ipsum gubergren at stet. Stet facilisis clita consectetuer est lorem. Sea dolor invidunt ipsum sadipscing dolore eos sed. Et magna dolore. Vulputate et voluptua accusam dolor. Gubergren blandit no clita clita at kasd at clita sed. Sed delenit at stet rebum dolore magna invidunt ipsum sea gubergren justo.\nErat voluptua dolores. Duo nisl elitr duo diam takimata sed dolore ut at at dolore takimata kasd. Ut feugiat no. Dolore vero dolores erat ut eum in sanctus duis praesent dolore no lorem consetetur sit consetetur hendrerit. Sed eirmod ipsum labore rebum dolores euismod sed suscipit labore ipsum justo diam. Duis et labore magna labore takimata sed odio invidunt dolor aliquyam et ipsum. Facilisis accusam est duo voluptua gubergren ipsum et molestie ipsum gubergren consectetuer dolor sadipscing eirmod diam exerci erat veniam. Eum erat diam odio euismod duo nobis accusam.\nEst lorem ea nostrud nostrud dolor amet magna duis aliquyam. Nulla amet clita accusam amet tempor dolor dolore. Minim ut ut nonumy ipsum duis iriure duo. Sea nonummy aliquam cum ipsum consetetur nibh dignissim erat ea invidunt clita eros invidunt. Accusam nonumy congue vulputate duis amet rebum cum accusam ut vero eirmod at. Sed erat sea iriure mazim liber odio. Diam ipsum sadipscing sed clita voluptua dolore feugiat nisl ut lorem elitr justo magna ut est wisi. Consetetur eos lorem dolor erat velit et diam accusam clita erat dolor ut veniam gubergren diam. Ut eu exerci et. Molestie nonumy dolor nonumy diam enim no voluptua nibh ipsum voluptua stet. Vel amet elitr ea eirmod diam invidunt lorem adipiscing cum duo amet ut et. Kasd labore diam kasd amet accusam tempor sadipscing eum nonumy volutpat. Ipsum sit et voluptua nulla ipsum diam dolor dolore facilisi ea erat duo dolor dolor diam. Labore justo molestie dolore dolores dolor te nonummy ea duo facer gubergren invidunt eu aliquyam.\nVolutpat exerci sanctus eros sed amet ea ut tation nulla justo clita sadipscing ipsum justo dolor. Nihil vel eum. Ut dolor aliquyam no. Sanctus vel dignissim amet sit tempor. Ipsum autem minim gubergren nostrud nonumy amet nam dolores sed et laoreet aliquam et.\nStet ipsum dolore dolor vero ea dolor. Diam dolor qui et sit ea veniam sit consequat tempor amet ut et delenit. Et dolor at duo feugiat magna nonumy iriure invidunt tempor clita et dolor stet. Ut autem et sanctus sed amet. Sanctus est consequat doming sea sadipscing diam duis duo feugiat zzril ut gubergren labore lorem. Eirmod vero tempor soluta sit labore diam vero volutpat dolore lobortis. Enim ipsum tempor dolor consetetur nisl ut et dolores. Vero sit lorem dolor. Soluta te hendrerit et dolore dolore ipsum dolor ea ipsum vel. Accusam duis stet sed at cum gubergren ipsum. Elitr elitr sed dolore.\n","publishDate":"2021-11-08T02:40:16.9720253+00:00"},{"id":10,"title":"Book 10","description":"Duo lobortis sit sed. Sadipscing illum tempor feugiat at stet invidunt clita dolores sanctus est. Magna ea vel est esse est et kasd eirmod sadipscing vulputate amet dolor stet ad duo sanctus dolor elitr. Duis sanctus iriure nonumy kasd magna ipsum clita dolores vero. At invidunt accusam eirmod vero diam in. Duis duo lorem wisi wisi sed dolore no clita et. Stet magna rebum et vel duo. Takimata sadipscing sanctus sit tempor sadipscing rebum euismod nulla ut dolor rebum velit diam stet ea sea. Rebum eum diam lorem justo dolor vero sed minim kasd aliquyam. Ea dolore rebum dignissim amet duo. Clita magna est dolor nonumy kasd diam et ipsum. Vero amet ut invidunt et erat eos sed. Vero diam dolor sadipscing dolor tempor. Duo no et justo labore stet commodo quis lorem illum hendrerit. Tempor eirmod magna dolor voluptua amet sanctus kasd sed at eos ipsum. Nonummy vulputate gubergren labore dolore facilisi no ea nostrud elitr erat nonummy nihil dolor aliquyam dignissim nam. Laoreet assum in diam et sadipscing tempor accusam gubergren in voluptua.\n","pageCount":1000,"excerpt":"Ut et sanctus. Magna nonumy rebum luptatum sed enim ipsum consequat sit invidunt iusto sed nonumy. Sed sed in et gubergren dolor diam justo et dolor nostrud. Molestie et eirmod amet gubergren suscipit clita tempor lorem illum sadipscing est vel. Stet vero vero sea amet. Lorem consetetur et aliquyam ut ipsum clita rebum nonumy qui lorem dolores nonumy autem magna et exerci. Voluptua ipsum nonummy ipsum est sed lorem elit. Nonumy et te consetetur sea dolor aliquam in hendrerit in. Dolor sea consequat est lorem. Vulputate at praesent. Diam eirmod tempor.\nDuo illum dolor diam labore ea nonumy dolores et aliquyam duis accumsan dolores et assum. Sanctus et duis tempor duo blandit et aliquam dolores eirmod justo magna tempor amet sit sea praesent sadipscing erat. Sanctus ipsum lorem consetetur. Feugait et euismod dolor dolor elitr. Rebum sadipscing dolor lorem iusto elitr. Praesent ad ea sanctus labore te sea clita eos vel nonumy. Invidunt at aliquip lorem lorem autem aliquip amet consetetur sed delenit ut possim quis erat duo te eu et. Nostrud delenit aliquyam nonumy in dolor accusam. Clita duis dolor sanctus delenit diam justo lorem diam consetetur lorem sed. Voluptua ipsum invidunt. No et tempor elitr. Clita et feugiat tempor ut feugait sit lorem elitr sanctus diam invidunt diam wisi voluptua vero et duo. Et takimata eu dolor sit dolores amet sit est in. Magna sit kasd eos kasd diam dolor amet et sadipscing lorem. Accusam sadipscing diam zzril suscipit molestie ipsum at sea nobis gubergren et rebum assum eos.\nDolore dolore diam no amet at sadipscing at stet. Ipsum duis gubergren te dolor amet sit nonumy sea tempor ipsum at nulla laoreet ea diam nihil tincidunt. No et est justo et vulputate clita aliquyam nisl nibh volutpat sit diam. Enim dolores vel dolore diam sea eos duo sadipscing ea nonumy volutpat sea eos consectetuer stet. Sit in suscipit lorem dolore consetetur nibh invidunt ut. Et minim ipsum gubergren adipiscing sit veniam sed nostrud blandit sanctus facilisi minim kasd et vel diam. Elitr enim nonumy. Sed amet et labore ipsum at esse eos accusam sit est. Dolore invidunt in et invidunt voluptua kasd. Eos dolore ut velit. Diam erat soluta ipsum nihil consetetur. Sit justo et ipsum eirmod esse sadipscing est at invidunt feugiat at dolor clita erat dolor sea. Dolore et sed at eum stet lorem et kasd erat sit dolore et.\nIpsum dolores rebum dolor molestie justo nonumy clita nisl at aliquip. Sed est no consetetur sed amet consectetuer et eos sit facilisis aliquyam no iusto et vero rebum no. Et diam diam lorem sit et lorem possim dolores sit. Blandit ea eirmod amet vero kasd soluta justo duo. Dolor ut at takimata eos et dolor ea nihil et congue. Dolore labore at rebum sanctus delenit sed. Sanctus ut et kasd. Facilisis elitr sadipscing ipsum dolore hendrerit amet sed tempor ea eirmod ut sadipscing et. Eirmod tincidunt in ut erat accusam dolore. Sed consetetur est ipsum feugait nonumy duis enim vel dolor.\nSed sit illum sit amet ea nam amet ut ut et feugiat. Doming nostrud amet magna invidunt tempor vero. Facilisis consequat est facer consequat lorem ut. Ea vulputate justo congue enim nibh vulputate diam molestie accumsan consetetur duo. Sed tempor diam placerat clita ea lorem eirmod vulputate exerci gubergren aliquyam nonummy duis eirmod dolore nonumy. Eos est sea sadipscing aliquyam dolor labore sit. Et gubergren duis sit sadipscing diam in dolores et kasd lorem tincidunt accusam invidunt eos diam rebum no sadipscing.\n","publishDate":"2021-11-07T02:40:16.9720999+00:00"},{"id":11,"title":"Book 11","description":"Est feugiat elitr et clita sed augue. Magna congue tation amet amet diam eos at lorem sit et eirmod luptatum. Et et justo elitr erat dolores dolores dolores lorem at stet sed dolores dolore lorem. Feugiat clita amet labore sed clita quis dolore amet feugiat labore ipsum elit elitr consetetur iriure. Eirmod no stet dolor et feugiat dolor amet accusam consetetur diam est qui quis diam velit justo. Lorem elitr vel et elitr justo ad minim sed dolor rebum.\n","pageCount":1100,"excerpt":"Eu enim et erat hendrerit elitr et iriure praesent volutpat nisl ullamcorper invidunt sed. Eros duo sadipscing dolore enim accusam diam esse dolor et dolores sadipscing dolor eos eirmod. Dolore dolor lorem rebum molestie molestie adipiscing gubergren magna justo vero stet hendrerit rebum. Est diam amet nonumy et in consequat iusto sanctus tincidunt aliquyam amet stet. Et dolore eos ipsum eos dolores qui diam stet. Eirmod sanctus voluptua sit dolore et ipsum amet ut consequat clita. Sea labore kasd soluta volutpat ea sadipscing voluptua nulla amet praesent ut et esse amet eos. Clita veniam consequat diam facilisis sit adipiscing praesent consequat diam nulla diam. Soluta eos enim stet eos eos dolore esse wisi possim amet eros eos eirmod eirmod duo ea et nulla. Quod eos ut eum at stet. Luptatum amet accusam stet ut et suscipit et clita stet cum rebum erat sed. Zzril voluptua at aliquam sanctus stet. Duo dolor lorem consetetur kasd. Elit sit accusam aliquam facilisis tation molestie ipsum autem dolor in. Lorem ipsum lorem accusam lorem sea sit eirmod vero at gubergren duo accumsan sanctus stet. Aliquip eos dolores suscipit est amet invidunt. Elitr magna et. Facilisis erat accusam takimata eu ut takimata at sadipscing stet ipsum eum elitr.\nSanctus velit ipsum ipsum eos tempor. Stet et ut justo nonumy ipsum justo. Erat duo eirmod dolore illum elit lorem ipsum nisl sit. Erat amet diam vero dignissim minim amet tempor nulla. Nonumy et sit justo duis hendrerit enim accusam ad et no. Nulla labore nulla sea adipiscing et lorem vel molestie duo feugiat mazim. Ipsum dolore lorem duo et diam nulla diam sea nonumy justo sed sea vel takimata. Dolore diam et est nibh veniam et diam. Labore no diam consetetur et est. Et clita diam no ipsum nisl elitr sed stet eos lobortis sed aliquyam et est nonumy elitr lorem. Nulla elit amet delenit aliquam clita accusam ullamcorper diam eleifend et amet. Ut gubergren lorem ipsum diam ipsum ipsum consetetur ipsum aliquam tincidunt consetetur sea at sit clita stet justo stet. Esse sit eirmod consequat. Dolor sit magna amet esse sed et lorem odio consetetur rebum dolor sanctus feugiat sadipscing nulla. Sed kasd gubergren lobortis veniam tempor vero vel at magna erat et et iusto erat dolores et aliquam dolor. Consetetur gubergren gubergren.\nEst duis et duis sanctus molestie et et facilisis et sed vero at vero gubergren takimata magna eos. Hendrerit est sanctus laoreet ut eu sed no elitr. Duis et amet tempor rebum consetetur. Sed dolore erat feugiat no et invidunt est magna sed et autem elitr amet tempor. Ipsum magna invidunt amet sed. Diam ea sed clita elitr sit ea consetetur.\nRebum eirmod et sed stet lorem et et ipsum luptatum elit eirmod in nonumy. Sadipscing erat exerci ut sanctus nonumy. Consetetur voluptua sed. Duis zzril suscipit diam exerci et dolor nonumy amet eirmod duo et. Kasd dolore dolor sit sed lorem lorem iriure volutpat duis lorem ea takimata elitr duo lorem et euismod. Nam sed laoreet. Et stet no sed ipsum lorem eu elit elitr odio gubergren at sea et ipsum dolore. Dolor sea dolore ipsum quis takimata nobis et dolores ut aliquyam id sed. Dolor nam sit rebum soluta accusam vero dolor aliquyam nonumy et sea magna ut volutpat gubergren accusam et sit. Ea dignissim diam et et sanctus nibh sea erat. Lorem ut stet nobis odio tempor clita justo ad clita duis amet imperdiet.\nIpsum et ut. Vulputate rebum at ea zzril est justo dolores vel et imperdiet amet. Sadipscing et suscipit dolor consetetur consequat gubergren no commodo ipsum consetetur et ipsum sit vero dolor. Aliquyam delenit dolor eos sit sit sea suscipit gubergren eum molestie tempor ea vero et. Delenit ipsum nonummy ipsum eos at sed takimata accusam sea gubergren rebum zzril dolore invidunt. Lorem nisl invidunt ipsum et aliquyam duis dolore nobis feugait gubergren sit takimata consetetur eirmod voluptua sanctus consequat. Consectetuer clita sadipscing nonumy aliquyam ut et dolor aliquip takimata sadipscing nonumy sit amet quod. Nonummy in duo erat justo tincidunt dolor dolor eirmod lorem diam duo diam diam labore invidunt. Ea sit praesent. Ea takimata clita diam. Elitr nonummy facilisi ut consetetur vero eu clita molestie justo gubergren tempor. Clita magna sed takimata. Takimata et at ut eos. Vero ut gubergren elitr voluptua zzril labore est facilisi elitr diam lorem no vel lorem dolore nisl. No sit exerci. Praesent eos et justo no elitr sanctus sed commodo sit est lorem te no delenit sanctus velit. Sit est ipsum diam ea vero kasd nulla kasd est nulla no dolor nam wisi dolor velit ullamcorper diam. Facilisi sed amet dolores takimata adipiscing et rebum dolor enim takimata augue diam.\n","publishDate":"2021-11-06T02:40:16.9721847+00:00"},{"id":12,"title":"Book 12","description":"Nisl stet vero. Nulla sea option dolore. Diam sea dolore ipsum et stet eos sea ut. Vel in lorem magna luptatum dolores facilisis sit euismod wisi consequat et enim. Facilisi sea et no eu diam nonumy no no option eirmod ex delenit et magna nonumy vulputate amet sit. Lorem at duo et voluptua. Rebum clita vero velit. Iriure at duo takimata voluptua erat ea eum sit sadipscing vero elit justo elitr labore eirmod amet ea. Vero eum liber sadipscing gubergren et sed sit dolore ut praesent et. Iriure feugiat sanctus. Sit no sanctus no eros at in vel lorem laoreet enim diam exerci. Ipsum aliquyam liber dolore eum diam kasd hendrerit. Labore sed et dolores et no hendrerit sed amet duis sea at dolore gubergren sed gubergren voluptua clita. Iriure euismod id kasd accusam nonumy aliquyam tempor ipsum aliquyam labore eirmod gubergren justo et accusam aliquyam id.\n","pageCount":1200,"excerpt":"Tempor gubergren esse ut nostrud duo aliquyam velit invidunt sea nonumy. Sed invidunt stet dolor no duo vero diam invidunt eos sed consetetur gubergren kasd duis justo. Nonumy rebum et sed takimata sadipscing labore sed at clita dolore at stet. Eirmod dignissim eum kasd vero no amet elit. Et eum et ea et sed vero lorem et kasd dolores ipsum stet liber tincidunt dolor voluptua erat vel. Dolore diam labore kasd est ipsum et rebum amet at. Justo nibh dolor diam sit vero feugiat rebum amet. Tempor aliquip sit dolor lorem vero et sed diam dolor magna est dolor magna vero imperdiet labore feugiat. Sit dolore eu. Illum dolor velit clita minim iusto wisi volutpat ea id consequat nibh et dolores elit duo sed.\nGubergren sed magna ea sed. Eos vero invidunt. Dolor volutpat vero. Takimata volutpat et dolor clita justo ea at ipsum gubergren erat consectetuer. Et at et tation eirmod nulla lorem accusam dolores dolore dolore kasd. Duo et facilisis volutpat dolores diam gubergren sed labore justo praesent et dolores sea nonumy invidunt congue. Ex sit magna. Iriure erat sea no vero magna ad takimata amet et tempor iusto.\nNo aliquyam et ipsum eos consetetur lobortis gubergren takimata sanctus et justo. Consequat consequat facilisi duis ea velit sanctus vulputate eos. Sea invidunt nulla mazim consetetur eos dolore et sed takimata duo est wisi autem dolores placerat et. Dignissim et soluta tempor. Et sit assum takimata ullamcorper et dolores amet et dolore dignissim sea. Ea volutpat sea dignissim sed et minim clita sit aliquyam dolores vero kasd placerat dolor ipsum dolores sea. Accusam clita sit eum magna dolores sed consetetur sanctus. Dolor eos stet laoreet ut ut vulputate minim ea et consetetur in clita vero et. Eu amet et lorem dolor lorem at erat tempor. Clita vero odio dolor no dolor ut dolore consetetur takimata lorem labore voluptua ea. Dolor ipsum vero vel dolor duo veniam nonummy. Ipsum dolores consetetur tation dolore ipsum ipsum ut possim aliquyam enim luptatum consetetur clita esse ea elitr euismod. No praesent commodo justo dolores ipsum at dolor sit et eos et ut clita aliquam clita consequat lorem vero. Elitr sadipscing justo augue sit et at takimata sed nisl. Lorem magna consequat tempor nisl lorem et sadipscing no in lorem sit vulputate feugiat. Ipsum nonumy mazim at. Clita veniam sadipscing tempor molestie ipsum ut justo ea eos in diam dolores dolores justo kasd erat. Dolores ea magna kasd diam ipsum aliquam sit luptatum ipsum invidunt et. Luptatum ea kasd lorem ut.\nAccusam est justo consetetur diam velit. Esse autem accusam kasd nostrud justo stet nibh sed clita vel clita amet dolore nonumy sed eirmod ipsum duis. Molestie et sanctus clita nulla vel et est kasd dolor invidunt amet amet ipsum ut sed no invidunt. Ipsum takimata at est amet ipsum amet esse consequat eos sed. Diam duo dolore. Gubergren hendrerit nulla amet elitr lorem no zzril dolore at invidunt minim dolor dolor vero. Sit nibh sadipscing dolor nihil justo vulputate feugiat adipiscing et consequat lorem. Ea sit labore vulputate labore vero sed ipsum odio option. Erat vero nonumy sed et dolor in aliquyam sea tempor aliquyam et diam labore consectetuer. Dolores aliquyam option in ut ipsum diam amet rebum ut at rebum diam labore augue.\nSadipscing consectetuer justo minim adipiscing amet kasd aliquyam sed ipsum eleifend esse illum sadipscing ipsum labore blandit. Feugait sanctus sanctus ea consetetur nobis et clita magna diam et dolor iriure takimata dolor et. Elit feugiat in duo. Gubergren erat sadipscing nonumy vel. Nostrud vero accusam aliquyam sea diam eirmod vero eos diam dolor invidunt tempor. Ea nonumy ut possim. Et lorem justo amet eirmod invidunt at sanctus facilisi et sed et nonumy. Tempor ut lobortis sanctus amet consetetur kasd tempor kasd sadipscing odio sadipscing rebum amet no lorem sed invidunt. Ea duo esse consetetur amet soluta nostrud et accusam ea dolore sit. Ut et accusam ipsum diam ut rebum autem sea sanctus nam at accumsan clita. In eros dolor minim eirmod duo vero eirmod dolore diam est ipsum praesent amet kasd ipsum voluptua dolor amet. Ut kasd quis amet voluptua clita sed. Stet sed dolor at diam vulputate.\n","publishDate":"2021-11-05T02:40:16.9722628+00:00"},{"id":13,"title":"Book 13","description":"Augue eos elitr accusam sed sed duo stet eos autem nibh labore. Esse adipiscing diam. Accusam tempor dolore ut nibh vel voluptua in sit voluptua hendrerit nonumy no vel voluptua eirmod. Voluptua invidunt dolore diam ea exerci elitr vel accusam. Amet at gubergren imperdiet ea sadipscing illum justo ea nulla consetetur eirmod et ea amet. Enim kasd accumsan gubergren et blandit stet ea no et ipsum veniam sanctus consetetur elitr iusto aliquip eos autem. Placerat ipsum sea aliquyam quis minim sadipscing. Takimata nonumy aliquyam consetetur erat diam dolor dolore eirmod dolore dolor. Eleifend rebum tempor invidunt nonumy et stet elitr dolores. Sit et justo magna lobortis dolores et consetetur enim. Consetetur elit takimata stet sit at ipsum sit. Kasd elit sea tempor stet kasd sed sed elitr nostrud feugait duis dolor et dolores ut magna. Vero labore aliquyam ipsum amet dolore sadipscing eirmod et ullamcorper amet justo kasd dolor stet. Diam sanctus iriure euismod takimata minim diam nonumy ut ipsum et eos elitr tempor sed duis accusam. Stet dolores et erat esse vero et ullamcorper nonumy velit diam sanctus delenit et. Takimata in kasd stet ipsum labore kasd at elitr in.\n","pageCount":1300,"excerpt":"Et erat consequat et clita duis dolor accusam amet clita iriure dolore feugiat. Ea labore molestie clita lorem esse ad lobortis dolor. Rebum velit lorem accusam. Veniam et et sed amet adipiscing sit magna ut sed lobortis elitr ut elitr consetetur consetetur quod. Ipsum dolor at sit aliquyam invidunt eos dolore et rebum eleifend ipsum. Justo et sanctus ea nisl eirmod. Amet kasd qui invidunt commodo accusam feugiat magna diam stet vulputate ipsum.\nSit ipsum sanctus eos amet dolore sanctus duo minim soluta amet et sea nonumy accusam erat velit vero sanctus. Dolores tempor duo kasd nonumy no et et et ipsum nisl consequat dolores clita duo duo illum. Amet ut commodo magna stet. Tempor tempor stet elitr quis zzril takimata duo sit blandit est rebum sit amet blandit ipsum dolor magna sit. Amet dolor nonumy et. Lorem amet amet kasd facer ut ut quod sit sed sit erat dolore labore lobortis ea labore sit autem. Eirmod et magna amet sadipscing vulputate.\nDolor et duo vulputate. Accusam ut aliquip clita ullamcorper accumsan et et dignissim sit. Erat takimata luptatum magna takimata. Hendrerit justo sed laoreet et tempor nonumy ut molestie lorem dolore lorem. Erat sanctus feugiat exerci consetetur duis lorem lorem et vero enim tempor justo et ut facilisi dolore consequat est. Est commodo ipsum dolor aliquyam nonumy wisi lorem hendrerit justo dolore. Accusam duis accusam dolor consetetur no et tempor lorem nulla sed nulla elitr adipiscing stet et. Clita dolore sit diam volutpat ipsum option sea dolore eu. Consetetur esse amet dolor sed consequat dolores dolor consetetur.\nEt stet ipsum sadipscing iriure nisl sed est rebum et nihil nibh minim soluta. Takimata ut sea sed diam stet minim et sadipscing minim et consetetur ut sea enim dolor. Eu dolore no vulputate nulla vero tempor elitr blandit diam ipsum erat ea consetetur delenit stet. Voluptua dolore sed laoreet vel dolores vero delenit consetetur amet clita vero iusto sit nonummy labore et clita ipsum. Luptatum volutpat euismod ea commodo sanctus invidunt dolor invidunt diam iusto consequat option illum eleifend.\nMagna ut eleifend nonumy eos ea. Rebum ea amet aliquyam nam duis amet dolore ad elitr diam no at et vero gubergren. Voluptua vero amet eos at stet sed enim amet voluptua nonummy voluptua et et elitr dolor sadipscing illum eirmod. Sanctus sed nostrud dolore dolor et exerci sadipscing facilisi consetetur feugait consequat id aliquam. Magna et consetetur. Ipsum dignissim esse tation et duo est duo ut autem facilisi et praesent et lorem at invidunt justo.\n","publishDate":"2021-11-04T02:40:16.9723197+00:00"},{"id":14,"title":"Book 14","description":"Est aliquam et eos aliquam esse magna sit sit accusam imperdiet tempor lorem imperdiet. In dolor ea nonumy ad diam aliquip dolore minim lorem clita elitr diam autem. Voluptua stet magna consetetur labore ipsum odio nostrud sed. Lorem molestie in. Lorem ut labore et stet facilisis accusam et magna vel stet invidunt sanctus esse vero. Iriure diam sanctus tempor dolor et nonumy est clita magna et diam vero ipsum dolor eleifend dolores. Eu clita consetetur accusam duis et eos sanctus et aliquyam. Ipsum iriure invidunt lorem et minim magna magna dolor nulla sit amet sanctus tincidunt illum sanctus consetetur sit diam. Illum justo no qui dolore rebum magna exerci invidunt vel ipsum sit at vero rebum exerci. Eos sed nulla kasd. Ipsum aliquyam dolore clita ea rebum ea. Nonumy no est sed blandit erat sed sit elitr. Elitr vulputate consetetur lobortis elitr et at in dolor et dolore accusam sanctus eirmod takimata duis accusam eirmod dolore. Ipsum sed eum invidunt velit consetetur clita labore sed labore erat. Rebum et luptatum erat diam stet nonumy ipsum liber duis ea.\n","pageCount":1400,"excerpt":"Sea lorem sit ut accusam no sed erat at accusam vel diam velit justo dolor et at dolor. Tation et takimata. Et sed accusam ut kasd et. Magna et tempor aliquyam. In amet lorem lorem euismod dolor et nonumy sit sit eirmod invidunt consetetur sed eros lorem labore. Amet sed duo ipsum erat sanctus lorem duo blandit invidunt stet aliquam feugiat lorem no diam sed kasd at. Sanctus sadipscing ea sit. At nonumy ut kasd et stet. Clita justo est nonumy gubergren ullamcorper ea consetetur. Sea adipiscing eirmod voluptua ea tempor qui gubergren lobortis labore rebum takimata accusam zzril. In sit justo lorem dolores lorem ut sed gubergren amet et est et stet erat illum wisi. Nulla ipsum quod et invidunt ipsum facilisi lorem at kasd ut lorem velit aliquyam nulla. Enim gubergren eirmod. Sed sanctus et dolor et te sit dolore molestie exerci euismod sit dolores euismod. Volutpat eu veniam iriure dolores ea dolore. At congue kasd veniam ipsum illum duo sanctus justo nonummy lorem tempor. Dolor placerat consetetur augue ipsum gubergren et ut lorem labore. Sit dolore at et lorem et accusam sit diam.\nEt dolore labore dolor sit magna blandit liber in aliquyam lorem rebum eos elitr. Dolore rebum sanctus luptatum nonumy est augue gubergren ea et voluptua qui ipsum liber et. Gubergren lorem erat et stet erat sanctus nulla magna ad sed wisi accusam vero ut. Elitr consequat sit takimata sed et veniam iriure sea ut ipsum at ad et. Sit facilisis et. Kasd dolore accusam in erat sea wisi dolores sed. Lorem sea elitr tempor justo sit dolores nonumy dolores amet rebum quis eirmod sit sed eros aliquyam. Commodo praesent sed sit commodo in vero accumsan et kasd veniam ipsum amet consetetur accusam dolores no sit. Eirmod id nonumy ipsum eum kasd facer. Wisi esse te kasd amet erat.\nMagna eum erat gubergren eos. Erat voluptua vel nulla justo sanctus justo diam dolore velit et aliquyam sed aliquam no justo sit diam. Kasd diam ut tation. Qui et vero sea. Elitr duis velit ipsum at lorem rebum stet et sadipscing molestie rebum. Invidunt elitr id ea aliquam amet at et mazim dolor dolor accusam eos consetetur et. Eirmod illum dolore iriure vero nibh. Lorem ex amet. Facilisis vulputate facilisis sed iriure dolor clita illum dolor erat est wisi vero rebum doming ea. Sit diam ipsum est aliquyam dolores et nibh ipsum invidunt diam placerat dolor aliquyam sed takimata facilisis ipsum ipsum. Sea feugiat eos gubergren nostrud magna. Soluta et sed dolore ipsum consetetur labore ea eos dolor et duis.\nSanctus nonumy elit in sed amet lorem iusto sea aliquyam. Eos dolor magna sanctus iusto elitr delenit lorem sit duis takimata stet. Nonumy dolor et ea sadipscing kasd vel labore nonumy magna consequat diam sadipscing dolore eos magna. Amet clita clita amet et ipsum molestie te sit accusam magna duis kasd dolore dolore. No qui magna ea blandit commodo sit luptatum magna elitr voluptua facilisis lorem nibh vulputate kasd. In justo amet sit lorem eos consetetur adipiscing odio sed nonumy diam molestie eum et justo. Soluta luptatum sit ea cum et ea rebum cum sea at sadipscing gubergren takimata ea eirmod zzril blandit stet. Voluptua est amet tempor ipsum sit takimata takimata hendrerit feugiat nibh voluptua et et. No ea tempor diam et et liber amet et ea nonumy kasd ut quod eos justo consetetur. Consectetuer lorem vel volutpat rebum feugiat facilisi takimata sea vero eirmod stet sit dolor sed. Vero nonumy stet nostrud ullamcorper voluptua esse est aliquyam sanctus stet invidunt sanctus dolore luptatum clita amet ut diam. Commodo ullamcorper qui. Aliquip stet nonumy feugiat clita dolor nihil tempor et. Stet wisi tincidunt sit eum tation labore mazim est sea enim accusam ipsum no voluptua voluptua. Sit sed at eleifend amet esse iusto kasd duis tempor sea sadipscing diam sea.\nUt clita dolor sanctus erat diam dolor luptatum est luptatum veniam eos magna dolor. Nonumy invidunt accumsan dolor eum nonummy esse dolore magna duo sanctus amet dignissim elitr. Sed duo lorem et dolore sed eu velit sed aliquam dolore.\n","publishDate":"2021-11-03T02:40:16.9724012+00:00"},{"id":15,"title":"Book 15","description":"Labore diam duis magna blandit mazim ipsum sea accusam. Aliquyam ex dolore feugait dolores assum clita at duo. At eirmod sed sit sea kasd minim gubergren rebum kasd commodo. Justo consetetur vulputate ipsum just
[...]
021-05-05T02:40:17.016982+00:00"},{"id":197,"title":"Book 197","description":"Magna rebum sadipscing ipsum et sadipscing amet dolor consetetur ut sanctus. Sed ea dolor no et sea qui sadipscing ipsum erat dolore molestie nobis eleifend dolor lorem sed gubergren. Ut sanctus tation invidunt. Clita eos odio duo et sit commodo illum consetetur nonumy esse dolor cum elitr accusam sed dolor. Ad dolor lorem ullamcorper magna et et lorem ipsum labore stet ut vero. Et gubergren erat tincidunt accusam commodo quod molestie option dolor kasd vero diam. Et invidunt eirmod lorem et kasd ipsum labore eros et sed lorem tation ut sadipscing ipsum. Esse lobortis et ea in sed clita nonumy eum takimata in accusam dolor amet no consetetur sea et. Sit takimata lorem stet tempor dolore labore sanctus sit laoreet diam sea consetetur. Labore iusto dolor vero lorem no at autem elit diam lorem sed stet commodo. Et lorem cum justo doming dolor sadipscing nonumy facer ut velit no tincidunt tation dolores sanctus duo. Ut erat placerat sed. No diam sed sit te eos gubergren sit justo dignissim. Duo praesent sanctus hendrerit et. Sed sed aliquyam aliquyam illum lorem amet labore magna est tempor vel quis.\n","pageCount":19700,"excerpt":"Tation labore consetetur erat ex dolor sit dolores nulla. Dolores ipsum veniam sea et duo erat vel vel tempor sea kasd labore duis sed. Dolores dolor ipsum. Accusam vero justo est elitr et clita gubergren autem eirmod vero luptatum dolore. Rebum erat est voluptua adipiscing invidunt et sit sadipscing eos nulla consequat sit sed eirmod quis ut ullamcorper congue. Dolor sadipscing lorem consetetur eleifend dolor takimata molestie ipsum accusam rebum sea amet labore sed. Dignissim sed magna consequat duis tincidunt illum eirmod. Te et ipsum eirmod ut lorem velit duo diam rebum et. Gubergren vel dolore. Tempor ipsum dolor et in nonumy et lorem euismod no. Takimata ipsum dolor dolor nulla et et diam justo gubergren ea rebum et imperdiet sadipscing duo accusam vero. No ut sit ipsum kasd ut nonumy. Invidunt est dolores ipsum nulla. Et diam et invidunt adipiscing sea sed nonumy nisl kasd assum ullamcorper labore ea iusto aliquyam eirmod amet vero. Amet doming exerci sit nibh odio.\nUt aliquip dolor nibh duo tempor sit justo diam dolore est eirmod aliquyam et stet. Consectetuer justo takimata dolor dolore nonumy labore est elitr voluptua diam dolor sit vero. Erat praesent nihil est lorem exerci no molestie dolor et et takimata takimata no justo nonumy. Amet amet eirmod diam stet ipsum ipsum amet magna minim esse sadipscing kasd at minim et. Facilisis erat sit zzril. Lorem aliquam volutpat kasd lorem dolor dolore sed sit eos tempor autem clita lorem vero ut et. Lorem no dolor sadipscing diam doming. Sadipscing lorem diam dolores et. Nam consequat justo duo dolor dignissim ipsum volutpat tempor dolor eum labore ea sanctus sit no.\nEst gubergren eos dolor. Amet takimata dolores at vero veniam nonumy nonummy kasd stet. Lorem ea eros. Lorem ea dolor no stet amet ipsum no vero diam feugait vel dolore eos clita. Sadipscing aliquip sanctus erat tempor diam nulla quis takimata. Dignissim eu accusam at diam voluptua assum vero dolore nonumy stet vero diam iriure. Ipsum in blandit. Stet autem erat duis diam minim euismod clita elitr. Eirmod nisl praesent vero. Voluptua nonumy tempor dolores eleifend eu gubergren amet. Et sed zzril nulla et dolore sed. Diam dolore consetetur ipsum nostrud lorem zzril no dolor dolore. Rebum vero suscipit ad lorem sadipscing justo hendrerit clita sed ipsum lorem lorem sea. Nostrud dolore ea stet et dolor consequat tempor et ipsum aliquyam. Consectetuer diam sanctus nulla ipsum. Vel esse kasd. Et erat laoreet gubergren dolor et et et dolore.\nDolor accusam lorem sadipscing et eleifend hendrerit eos justo erat diam sed et illum et accumsan amet dolore. Takimata et sadipscing diam nonummy liber gubergren eos no ea sanctus et suscipit vulputate autem elit ut ipsum nulla. Duo diam at sit odio nonumy est nonumy diam sadipscing hendrerit accumsan sed dolore dolores voluptua. Consetetur at vero sanctus sed sed. Et rebum in esse vel ut dolor voluptua et adipiscing eleifend dolores augue magna accusam hendrerit amet labore sit. Nibh aliquam vero vero sed iusto diam sed clita dolor. Sed at clita et nulla luptatum sit dolore elitr sed suscipit ea. Ea ea dolore diam eirmod elit sanctus ut eos dolor suscipit ipsum. Dolores consetetur sed consetetur kasd consetetur ea dolores quis kasd dolor kasd feugiat diam augue sit est. Et accusam stet at elitr sed clita tempor dolor illum clita hendrerit nonumy sanctus. Cum option in hendrerit dolor. Amet ipsum stet eirmod nonumy nonumy dolores sed nisl consetetur praesent tempor dolor consequat dolore te elitr. Molestie dolore sea sit rebum lorem illum dolore erat consetetur erat duis lorem sadipscing sea ipsum kasd.\nInvidunt lorem magna amet clita laoreet dolor aliquyam consequat nulla dolor labore no tation iriure sanctus luptatum justo. Justo at eirmod sanctus amet eos stet kasd sed nulla invidunt dolor aliquam et. Est eos ut invidunt sit diam elitr sea ea. Molestie gubergren et eirmod facilisis tempor at sea. Augue at dolore dolor magna eos lorem enim amet ut ipsum esse.\n","publishDate":"2021-05-04T02:40:17.0170636+00:00"},{"id":198,"title":"Book 198","description":"Labore ipsum kasd. Wisi facilisis sea aliquyam sit justo sit sit autem elitr eos eu accusam. Sit elitr et dolore sanctus. Velit rebum dolor et sed stet et sit duo sed justo cum justo. Gubergren sit eos sed in stet. Tempor quod sanctus elitr accusam labore ipsum sed.\n","pageCount":19800,"excerpt":"Aliquip dolor gubergren facilisis aliquip eu dolores eirmod erat dolor amet. Takimata vero molestie gubergren wisi labore stet dolor esse vero mazim qui et. Elitr dolor accusam lorem molestie gubergren at nulla vulputate ullamcorper ullamcorper sea. Accusam takimata no veniam ea lorem diam invidunt dolore dolor kasd sit duo. Et iriure diam ut sed gubergren stet diam rebum dolores at. Accusam ipsum zzril liber magna justo veniam et iriure sit sed nulla tincidunt nonumy. Ipsum sadipscing augue. Lorem justo adipiscing consequat stet gubergren et blandit eu rebum ea elitr sed lorem liber gubergren vero est. Facilisi dolore eos sadipscing est sed et lorem amet volutpat dolores euismod amet invidunt sea. Voluptua sea accusam dolor autem ipsum amet dolor amet diam lorem tempor aliquam eos.\nIpsum dolor diam ut enim gubergren. Molestie dolor kasd eirmod ipsum duo volutpat nisl diam labore et. Ut tempor ea sit gubergren diam rebum praesent ea at nulla amet. Et vel iriure ipsum clita sed elitr. Amet dolore velit duo gubergren sit. Nulla duo rebum ipsum sed nostrud consetetur dolore no et delenit ipsum. Hendrerit clita vel sit lorem lorem hendrerit volutpat diam accumsan facilisis takimata accumsan euismod ut eirmod. Esse sit at et no sit gubergren diam est sit dolor minim ex consequat dolore tempor accumsan sea tempor. Nonumy labore facilisis. Sea wisi nulla invidunt sit consequat et no dolor sit amet erat nulla ipsum illum et. Accumsan amet lorem autem sanctus no et ea stet sit volutpat ipsum. Vero sit accusam eu at no lorem vero feugiat eos clita eirmod invidunt et takimata sit. Accusam ut facer volutpat dolore.\nDolore ipsum sadipscing sanctus lorem no consequat eos kasd diam nulla dolor quis dolor sed. Sed minim sea placerat elitr tation justo diam lorem no dolore erat dolor. Praesent at facilisis elit lorem est et dolore accusam et iusto. Diam diam est stet feugait sadipscing. Stet at sanctus vulputate ipsum duo. Wisi et takimata nulla dolor invidunt ut cum voluptua ipsum amet erat ipsum eos sed. Elitr invidunt labore feugiat nulla eros est dolore ipsum. Ipsum amet stet duis justo diam ad velit dignissim. At elit in invidunt erat elitr nobis dolore stet nulla consetetur dolor tempor et feugiat ipsum ea facilisi autem. Iriure dolor justo te. Et est rebum et velit molestie. Dolore amet est clita sanctus ipsum option labore no labore eos no no eirmod erat.\nZzril praesent est voluptua nostrud sanctus lobortis tation lorem dolor nonummy ipsum in sit amet sit qui dolores. Dolore vel te et no gubergren amet vero amet gubergren amet magna sed at. Tempor justo diam. Sea eirmod amet invidunt stet sit et vel ipsum magna sed clita at dolore aliquip et rebum. Sit dolor duis diam nibh nonumy ea ipsum eleifend invidunt clita in esse nibh consequat molestie sadipscing suscipit kasd. Dolore lorem invidunt et amet elit eirmod dolor eros nonumy. Est ea magna velit feugiat et aliquyam. Nonummy est rebum magna ut at labore nulla magna amet accumsan eos amet no magna sea ipsum.\nEt lorem dolores duo voluptua clita et ut tempor eirmod diam est ea clita clita et erat. Nonumy sit et amet et. Dolore ipsum zzril iusto amet invidunt eos nonumy. Sed ipsum sadipscing quis diam sea et dolore.\n","publishDate":"2021-05-03T02:40:17.0171174+00:00"},{"id":199,"title":"Book 199","description":"Quis dolore accusam in dolore accusam consetetur molestie sed no gubergren vero tempor. Ipsum wisi lorem delenit kasd rebum dolor ea ut ipsum tempor aliquyam duo. At no justo congue ut dolores invidunt sed magna sed invidunt et. Labore consectetuer magna at. Gubergren iriure lorem et eirmod tincidunt et lorem amet dolore kasd tempor odio amet. Hendrerit vero dolore nonumy erat lobortis assum sadipscing sea dolores at feugiat. Clita dolores sit. Nonummy blandit et et accusam lorem et rebum nonumy illum eos augue dolore consetetur nisl. Stet sed in amet elitr. Veniam vulputate soluta elitr ullamcorper stet dolor facilisis kasd vero feugiat. Feugiat eirmod magna zzril dolore suscipit clita in iriure diam ut. Eum takimata eirmod nulla commodo labore amet sit aliquyam ea ipsum. Est stet luptatum sea duo gubergren accusam stet ut eos duis erat lobortis. Takimata dolore nonumy sed et in vero est facilisis. Feugait ullamcorper stet diam kasd vero nibh rebum ut et id lobortis sadipscing. Sed dolore takimata ipsum stet magna elitr qui amet ipsum sea ad nulla gubergren elitr consequat invidunt. Dolor duo eos kasd sit exerci dolor nibh ea lorem duo diam lorem labore velit sit takimata lobortis. Accusam et sanctus takimata diam nam gubergren et ipsum sit sadipscing et vel nonummy. Nonumy at sanctus ipsum invidunt ad sanctus invidunt elitr eirmod lorem.\n","pageCount":19900,"excerpt":"Consetetur velit sed no. Dolor lorem no sit kasd elitr justo invidunt doming sed sed eos dolore congue. At at rebum erat no voluptua duo ea eirmod elit justo tempor duis kasd. Rebum velit labore. Blandit ut ut consetetur rebum consectetuer at ea dolores imperdiet et invidunt takimata est stet accusam amet at. Sit ipsum dolores sanctus et vel sed molestie diam eros et ea consetetur et. Aliquyam vero eum wisi amet nonummy. Sanctus amet ipsum feugiat. Stet delenit elit est placerat eirmod dolor consectetuer et. Justo elit ea eos kasd eos velit stet dolore et dolor tempor at velit sit feugiat. Esse dolores et ut molestie nonumy. Erat eos erat. Dolore sadipscing sed ut hendrerit. Est gubergren eirmod sea ut dignissim dolores. Est et ut qui nonumy gubergren no voluptua dolor consectetuer delenit. Qui ea no ea sadipscing velit justo. Eos eirmod at eirmod dolor. Et invidunt veniam consectetuer blandit et takimata kasd gubergren vero dolore consetetur labore justo kasd diam aliquyam.\nStet gubergren at amet et dolores sit sit. Vero et sadipscing sit justo ut diam eos eirmod rebum erat et hendrerit nulla dolore lorem magna. Facer sit sea elitr no stet nonumy laoreet tempor. Invidunt ipsum ea nam ea diam tempor sit dolore eirmod sed euismod elitr. Takimata et congue eu. Dolore sadipscing wisi sed lorem accumsan sit sed dolore vero. Dolores veniam possim illum eirmod at adipiscing sed et clita accusam magna et at nonummy ea sea. Ut sadipscing labore amet magna ut labore esse augue amet dolore consectetuer invidunt ipsum nostrud lorem accusam consetetur. Elitr sit ipsum. At clita erat rebum diam vel magna accusam te iriure et dolor no. Sit elit dignissim illum labore aliquyam duo. Vel voluptua dolores molestie dolor exerci et erat vel duo et dolore sadipscing aliquam dolor. Takimata amet sit no diam sed rebum facilisi dolore tincidunt lorem dolore amet.\nDuo magna et kasd tempor. Sea facilisi eos eos consectetuer takimata lorem diam sit erat duis sit lorem feugiat diam. Exerci justo nibh kasd eum diam sit ex sanctus clita. Sit accusam nulla kasd. Rebum sed dolore accusam feugiat molestie sea et gubergren wisi nibh ipsum sed rebum amet. Sed et iriure rebum eu amet est justo eu eirmod sit vel stet ipsum diam. Tation sit dolore at eum consequat et molestie kasd duis ex sed doming sadipscing sed hendrerit kasd minim. Ex eirmod dolor ad assum et augue elitr diam invidunt eos lorem sea dolore.\nSea dolore eros illum voluptua sit dignissim ipsum lorem consetetur diam mazim invidunt no sadipscing eos. Enim sea duo erat tempor clita eirmod lorem in erat amet eirmod sadipscing elitr labore. Et et at. Dolore dolor zzril dolor nibh consetetur dolor quod sanctus sanctus rebum sadipscing et tempor duis sit ex. Accusam nonumy tempor consectetuer nobis et et ipsum diam magna ut qui ipsum. Sit esse ut dolores in dolor ut duis dolores no dolor amet. Takimata dolore diam aliquyam et diam invidunt lorem est dolore. Delenit sadipscing illum ea et vero et tempor lorem est quis vel molestie. Nulla duo sit nonummy odio in takimata rebum takimata stet nulla accusam ipsum cum kasd duo.\nEuismod justo dolor et. Dolor erat euismod amet vero dolore at ea aliquyam ut qui dolor tempor nulla accusam labore accumsan sea. Lobortis justo takimata amet dolor esse justo. Sit delenit justo dolores facilisis sed rebum mazim ipsum elitr magna dolore lorem facilisis luptatum sed diam accusam accusam. Feugiat justo clita amet dolore tempor et ex sit et sed gubergren ut nihil autem sit amet vel. Sanctus eos et lobortis sed consetetur dolore esse in dolor consequat no eos amet consetetur vero mazim. Justo est diam nulla sed duis ea commodo odio ipsum amet. Feugiat labore amet. Labore et clita. Accusam facilisi sanctus dignissim assum dolores dolores at diam. Ut et diam dolores elitr aliquyam molestie et sed. Eum takimata in elitr duis gubergren et rebum diam est kasd est ea elitr. Amet duis et elitr dolore stet justo magna accusam takimata feugiat in dolore sed. Diam sadipscing consetetur at sanctus amet sit stet invidunt in nibh. Lobortis in hendrerit est sanctus eos invidunt aliquyam congue dolores wisi invidunt vero accusam qui ut volutpat duo et. Eos dolore dolore sit sea diam molestie. Amet consectetuer et eos dolore gubergren duo et ex ut at feugiat dolor. No voluptua feugait elitr amet labore amet lorem sanctus duo accumsan accusam congue odio nostrud lorem consetetur luptatum id.\n","publishDate":"2021-05-02T02:40:17.0172072+00:00"},{"id":200,"title":"Book 200","description":"Clita labore et lorem dolore invidunt lorem justo amet. Te sit clita eos no kasd justo diam dolor elitr amet sea ea nulla kasd kasd magna placerat. Hendrerit consetetur et. At dolor labore nonumy tation dolor praesent sea. Kasd eros ipsum quod invidunt autem consequat voluptua hendrerit at takimata eros vero eos justo clita. Tempor accusam amet diam no dolore tincidunt eu eirmod diam liber nonumy clita. Et gubergren dolore sit et kasd invidunt tation nobis sed molestie labore duo. Tempor eleifend hendrerit nisl kasd ea delenit dolor stet diam ipsum sadipscing hendrerit diam lorem molestie amet eirmod.\n","pageCount":20000,"excerpt":"Iusto sadipscing at facilisis ea et takimata clita esse lorem nisl vero. Nobis nibh suscipit lorem ipsum duis ipsum ullamcorper takimata lobortis in exerci sed. Nulla dolore erat. Elit accusam dolor dolore at. Et eirmod sed sea ipsum sea feugait ullamcorper sed sed tempor dolore dolore. Elitr gubergren ipsum gubergren magna eirmod eleifend rebum invidunt ipsum et. Vero sed justo dolore ut aliquyam dolores magna lorem. Ut vulputate vero.\nTempor et lorem ut nulla sit. Est takimata et tempor lorem nonumy at ut dolore exerci ullamcorper duo labore vulputate. Sanctus consetetur sea ea illum ipsum sed ipsum.\nEt sed stet wisi invidunt rebum nonumy praesent. Invidunt dolore ipsum rebum sea sed aliquyam sit vel sadipscing et. Rebum elitr duo kasd est voluptua sanctus assum ipsum diam ea ut sit et kasd aliquyam justo. Eos volutpat justo tation dolor sed sea erat aliquam tempor elitr. Lorem dolore elitr volutpat et dignissim amet. Aliquyam lorem dolore aliquyam congue nulla diam amet autem esse dolores no labore ipsum nonummy rebum justo euismod. Diam ut at laoreet elitr sit eirmod dolor sanctus tincidunt duo ipsum elitr ut rebum. Consetetur vero accusam sea veniam stet nibh amet ut et et. Sit et nihil augue. Consequat duo odio est duis tempor commodo gubergren kasd accusam voluptua feugiat dolore at mazim. Autem ipsum hendrerit consequat luptatum facilisis autem at id in et aliquyam sit dolor diam voluptua diam vero nostrud. Sed rebum ad nonumy magna praesent sit mazim consequat. Volutpat amet ullamcorper sanctus molestie commodo sea. Diam illum accusam iriure sed est dolore et ea ea aliquyam lorem tempor nulla magna at. Labore et sit vero lorem. Sed consetetur sed et sea possim in diam kasd justo est diam sadipscing. Eleifend labore voluptua takimata invidunt soluta dolore dolore luptatum no. Consectetuer elit ea ipsum at sea no sed sanctus aliquyam dolore sit labore et et quod suscipit assum.\nIllum vulputate dolor sed duo consetetur consetetur facilisi ea kasd vel vero sit sea at est. At et kasd quis stet nam dolore lorem dolore elitr ut ipsum. Magna eos ut tempor consequat sit stet esse et sit rebum dolor sit amet dolores nulla clita diam sed. Dolores aliquyam odio justo quod duo aliquyam veniam kasd duo dolor no nonumy est rebum et takimata aliquyam elitr. Cum sit sanctus gubergren dolor diam stet amet. Facer amet ea euismod et elitr et dolores aliquip exerci. Ea in vero ipsum dolore sanctus feugiat amet dolore. Amet takimata labore te eum ipsum vero et voluptua eu. Tempor rebum hendrerit et clita. Rebum minim elitr invidunt at lorem at nisl kasd. Lorem labore elitr. Sit stet diam est nonumy magna aliquyam magna ad dolor clita erat consetetur in at nonummy. Aliquyam stet nonumy enim dolor diam clita consetetur assum sed elitr adipiscing eos et assum. Lorem ut sed vero elit et diam invidunt et lorem eum kasd aliquyam hendrerit amet vero ipsum. Eos et ipsum elit lorem nonumy dolor dolore. Diam et et sed te sadipscing ea voluptua nonumy eirmod lorem facilisi vel sanctus diam. Dolor sed no rebum amet vero dolor erat consequat stet. Sed takimata tincidunt ipsum ipsum tempor dolor. Dolore ipsum no invidunt duo magna amet nulla suscipit ipsum aliquyam accumsan ea.\nMinim amet amet. Vero molestie voluptua sanctus aliquyam adipiscing dolore tempor justo delenit ut dolor lorem. Facilisis sanctus amet sadipscing elitr in dolore veniam dolor sit aliquyam vulputate et. Clita clita sea sea nulla et. Ea voluptua tincidunt velit ut tincidunt consetetur aliquyam. Et dolor no takimata. At tempor vero dolore lorem labore te ipsum no diam sed. Kasd quod sea sanctus consetetur kasd molestie nonummy quis aliquyam gubergren ipsum justo invidunt nonumy duis clita vero.\n","publishDate":"2021-05-01T02:40:17.0172762+00:00"}]</msg>
<status status="PASS" starttime="20211116 23:40:20.211" endtime="20211116 23:40:20.236"/>
</kw>
<status status="PASS" starttime="20211116 23:40:15.967" endtime="20211116 23:40:20.237"/>
</kw>
<status status="PASS" starttime="20211116 23:40:15.965" endtime="20211116 23:40:20.237"/>
</test>
<status status="PASS" starttime="20211116 23:40:15.855" endtime="20211116 23:40:20.240"/>
</suite>
<statistics>
<total>
<stat pass="1" fail="0" skip="0">All Tests</stat>
</total>
<tag>
</tag>
<suite>
<stat pass="1" fail="0" skip="0" id="s1" name="testAPI">testAPI</stat>
</suite>
</statistics>
<errors>
<msg timestamp="20211116 23:40:15.967" level="WARN">Keyword 'RequestsLibrary.Get Request' is deprecated. Please use `GET On Session` instead.</msg>
</errors>
</robot>
